Command line:
    spectre ./amsSim.scs +config  \
        /esat/micas-data/software/Cadence/xcelium_19.03/tools.lnx86/spectre/etc/configs/ams.cfg  \
        -ahdllibdir xcelium.d/AMSD/ahdlSimDB +ms ++aps=liberal
After pLogFile
After install log
End disable stdout
Reading file:  /users/students/r0761743/Eagle/Simvision/Tutorial
        Files/Analog_example_circuit_blank/amsSim.scs

Notice from spectre during circuit read-in.
    Configuration file used:
        `/esat/micas-data/software/Cadence/xcelium_19.03/tools.lnx86/spectre/etc/configs/ams.cfg'.

Reading file:  /users/students/r0761743/Eagle/Simvision/Tutorial
        Files/Analog_example_circuit_blank/xcelium.d/AMSD/ams_spice_in/generated_skeleton_amscb.skl_vams
Reading file: 
        /esat/micas-data/software/Cadence/xcelium_19.03/tools.lnx86/spectre/etc/configs/mapsubckt.cfg
Reading file: 
        /esat/micas-data/software/Cadence/xcelium_19.03/tools.lnx86/spectre/etc/configs/spectre.cfg
Reading file:  /users/students/r0761743/Eagle/Simvision/Tutorial
        Files/Analog_example_circuit_blank/ANALOG_NETWORK.spi
Reading file: 
        /esat/micas-data/software/Cadence/xcelium_19.03/tools.lnx86/spectre/etc/configs/ms,ms#2.cfg
Reading file: 
        /esat/micas-data/software/Cadence/xcelium_19.03/tools.lnx86/spectre/etc/configs/ms,ms.cfg


Reading file: 
        /esat/micas-data/software/Cadence/xcelium_19.03/tools.lnx86/spectre/etc/configs/ams.cfg
Time for NDB Parsing: CPU = 152.623 ms, elapsed = 224.49 ms.
Time accumulated: CPU = 159.309 ms, elapsed = 224.495 ms.
Peak resident memory used = 73.6 Mbytes.

xcelium> TOOL:	xrun(64)	19.03-s013: Exiting on Nov 18, 2020 at 15:06:51 CET  (total: 00:01:08)
Command line:
    spectre ./amsSim.scs +config  \
        /esat/micas-data/software/Cadence/xcelium_19.03/tools.lnx86/spectre/etc/configs/ams.cfg  \
        -ahdllibdir xcelium.d/AMSD/ahdlSimDB +ms ++aps=liberal
After pLogFile
After install log
End disable stdout
Reading file:  /users/students/r0761743/Eagle/Simvision/Tutorial
        Files/Analog_example_circuit_blank_copy/amsSim.scs

Notice from spectre during circuit read-in.
    Configuration file used:
        `/esat/micas-data/software/Cadence/xcelium_19.03/tools.lnx86/spectre/etc/configs/ams.cfg'.

Reading file:  /users/students/r0761743/Eagle/Simvision/Tutorial
        Files/Analog_example_circuit_blank_copy/xcelium.d/AMSD/ams_spice_in/generated_skeleton_amscb.skl_vams
Reading file: 
        /esat/micas-data/software/Cadence/xcelium_19.03/tools.lnx86/spectre/etc/configs/mapsubckt.cfg
Reading file: 
        /esat/micas-data/software/Cadence/xcelium_19.03/tools.lnx86/spectre/etc/configs/spectre.cfg
Reading file:  /users/students/r0761743/Eagle/Simvision/Tutorial
        Files/Analog_example_circuit_blank_copy/ANALOG_NETWORK.spi
Reading file: 
        /esat/micas-data/software/Cadence/xcelium_19.03/tools.lnx86/spectre/etc/configs/ms,ms#2.cfg
Reading file: 
        /esat/micas-data/software/Cadence/xcelium_19.03/tools.lnx86/spectre/etc/configs/ms,ms.cfg


Reading file: 
        /esat/micas-data/software/Cadence/xcelium_19.03/tools.lnx86/spectre/etc/configs/ams.cfg
Time for NDB Parsing: CPU = 157.557 ms, elapsed = 224.604 ms.
Time accumulated: CPU = 164.867 ms, elapsed = 224.608 ms.
Peak resident memory used = 73.5 Mbytes.

xcelium> TOOL:	xrun(64)	19.03-s013: Exiting on Nov 18, 2020 at 18:47:23 CET  (total: 00:00:59)
Command line:
    spectre ./amsSim.scs +config  \
        /esat/micas-data/software/Cadence/xcelium_19.03/tools.lnx86/spectre/etc/configs/ams.cfg  \
        -ahdllibdir xcelium.d/AMSD/ahdlSimDB +ms ++aps=liberal
After pLogFile
After install log
End disable stdout
Reading file:  /users/students/r0761743/Eagle/Simvision/Tutorial
        Files/Analog_example_circuit_blank_copy/amsSim.scs

Notice from spectre during circuit read-in.
    Configuration file used:
        `/esat/micas-data/software/Cadence/xcelium_19.03/tools.lnx86/spectre/etc/configs/ams.cfg'.

Reading file:  /users/students/r0761743/Eagle/Simvision/Tutorial
        Files/Analog_example_circuit_blank_copy/xcelium.d/AMSD/ams_spice_in/generated_skeleton_amscb.skl_vams
Reading file: 
        /esat/micas-data/software/Cadence/xcelium_19.03/tools.lnx86/spectre/etc/configs/mapsubckt.cfg
Reading file: 
        /esat/micas-data/software/Cadence/xcelium_19.03/tools.lnx86/spectre/etc/configs/spectre.cfg
Reading file:  /users/students/r0761743/Eagle/Simvision/Tutorial
        Files/Analog_example_circuit_blank_copy/ANALOG_NETWORK.spi
Reading file: 
        /esat/micas-data/software/Cadence/xcelium_19.03/tools.lnx86/spectre/etc/configs/ms,ms#2.cfg
Reading file: 
        /esat/micas-data/software/Cadence/xcelium_19.03/tools.lnx86/spectre/etc/configs/ms,ms.cfg


Reading file: 
        /esat/micas-data/software/Cadence/xcelium_19.03/tools.lnx86/spectre/etc/configs/ams.cfg
Time for NDB Parsing: CPU = 207.549 ms, elapsed = 703.85 ms.
Time accumulated: CPU = 213.79 ms, elapsed = 703.854 ms.
Peak resident memory used = 73.5 Mbytes.

xcelium> TOOL:	xrun(64)	19.03-s013: Exiting on Nov 18, 2020 at 22:25:11 CET  (total: 00:01:56)
Command line:
    spectre ./amsSim.scs +config  \
        /esat/micas-data/software/Cadence/xcelium_19.03/tools.lnx86/spectre/etc/configs/ams.cfg  \
        -ahdllibdir xcelium.d/AMSD/ahdlSimDB +ms ++aps=liberal
After pLogFile
After install log
End disable stdout
Reading file:  /users/students/r0761743/Eagle/Simvision/Tutorial
        Files/Analog_example_circuit_blank_copy/amsSim.scs

Notice from spectre during circuit read-in.
    Configuration file used:
        `/esat/micas-data/software/Cadence/xcelium_19.03/tools.lnx86/spectre/etc/configs/ams.cfg'.

Reading file:  /users/students/r0761743/Eagle/Simvision/Tutorial
        Files/Analog_example_circuit_blank_copy/xcelium.d/AMSD/ams_spice_in/generated_skeleton_amscb.skl_vams
Reading file: 
        /esat/micas-data/software/Cadence/xcelium_19.03/tools.lnx86/spectre/etc/configs/mapsubckt.cfg
Reading file: 
        /esat/micas-data/software/Cadence/xcelium_19.03/tools.lnx86/spectre/etc/configs/spectre.cfg
Reading file:  /users/students/r0761743/Eagle/Simvision/Tutorial
        Files/Analog_example_circuit_blank_copy/ANALOG_NETWORK.spi
Reading file:  /users/students/r0761743/Eagle/Simvision/Tutorial
        Files/Analog_example_circuit_blank_copy/SmallSignalDiode.spi
Reading file: 
        /esat/micas-data/software/Cadence/xcelium_19.03/tools.lnx86/spectre/etc/configs/ms,ms#2.cfg
Reading file: 
        /esat/micas-data/software/Cadence/xcelium_19.03/tools.lnx86/spectre/etc/configs/ms,ms.cfg


Reading file: 
        /esat/micas-data/software/Cadence/xcelium_19.03/tools.lnx86/spectre/etc/configs/ams.cfg
Time for NDB Parsing: CPU = 188.668 ms, elapsed = 269.994 ms.
Time accumulated: CPU = 196.39 ms, elapsed = 269.997 ms.
Peak resident memory used = 73.8 Mbytes.

xcelium> TOOL:	xrun(64)	19.03-s013: Exiting on Nov 21, 2020 at 14:39:09 CET  (total: 00:00:44)
Command line:
    spectre ./amsSim.scs +config  \
        /esat/micas-data/software/Cadence/xcelium_19.03/tools.lnx86/spectre/etc/configs/ams.cfg  \
        -ahdllibdir xcelium.d/AMSD/ahdlSimDB +ms ++aps=liberal
After pLogFile
After install log
End disable stdout
Reading file:  /users/students/r0761743/Eagle/Simvision/Tutorial
        Files/Analog_example_circuit_blank_copy/amsSim.scs

Notice from spectre during circuit read-in.
    Configuration file used:
        `/esat/micas-data/software/Cadence/xcelium_19.03/tools.lnx86/spectre/etc/configs/ams.cfg'.

Reading file:  /users/students/r0761743/Eagle/Simvision/Tutorial
        Files/Analog_example_circuit_blank_copy/xcelium.d/AMSD/ams_spice_in/generated_skeleton_amscb.skl_vams
Reading file: 
        /esat/micas-data/software/Cadence/xcelium_19.03/tools.lnx86/spectre/etc/configs/mapsubckt.cfg
Reading file: 
        /esat/micas-data/software/Cadence/xcelium_19.03/tools.lnx86/spectre/etc/configs/spectre.cfg
Reading file:  /users/students/r0761743/Eagle/Simvision/Tutorial
        Files/Analog_example_circuit_blank_copy/ANALOG_NETWORK.spi
Reading file:  /users/students/r0761743/Eagle/Simvision/Tutorial
        Files/Analog_example_circuit_blank_copy/SmallSignalDiode.spi
Reading file: 
        /esat/micas-data/software/Cadence/xcelium_19.03/tools.lnx86/spectre/etc/configs/ms,ms#2.cfg
Reading file: 
        /esat/micas-data/software/Cadence/xcelium_19.03/tools.lnx86/spectre/etc/configs/ms,ms.cfg


Reading file: 
        /esat/micas-data/software/Cadence/xcelium_19.03/tools.lnx86/spectre/etc/configs/ams.cfg
Time for NDB Parsing: CPU = 176.467 ms, elapsed = 237.132 ms.
Time accumulated: CPU = 183.1 ms, elapsed = 237.137 ms.
Peak resident memory used = 73.8 Mbytes.

xcelium> TOOL:	xrun(64)	19.03-s013: Exiting on Nov 21, 2020 at 14:44:15 CET  (total: 00:00:57)
Command line:
    spectre ./amsSim.scs +config  \
        /esat/micas-data/software/Cadence/xcelium_19.03/tools.lnx86/spectre/etc/configs/ams.cfg  \
        -ahdllibdir xcelium.d/AMSD/ahdlSimDB +ms ++aps=liberal
After pLogFile
After install log
End disable stdout
Reading file:  /users/students/r0761743/Eagle/Simvision/Tutorial
        Files/Analog_example_circuit_blank_copy/amsSim.scs

Notice from spectre during circuit read-in.
    Configuration file used:
        `/esat/micas-data/software/Cadence/xcelium_19.03/tools.lnx86/spectre/etc/configs/ams.cfg'.

Reading file:  /users/students/r0761743/Eagle/Simvision/Tutorial
        Files/Analog_example_circuit_blank_copy/xcelium.d/AMSD/ams_spice_in/generated_skeleton_amscb.skl_vams
Reading file: 
        /esat/micas-data/software/Cadence/xcelium_19.03/tools.lnx86/spectre/etc/configs/mapsubckt.cfg
Reading file: 
        /esat/micas-data/software/Cadence/xcelium_19.03/tools.lnx86/spectre/etc/configs/spectre.cfg
Reading file:  /users/students/r0761743/Eagle/Simvision/Tutorial
        Files/Analog_example_circuit_blank_copy/ANALOG_NETWORK.spi
Reading file:  /users/students/r0761743/Eagle/Simvision/Tutorial
        Files/Analog_example_circuit_blank_copy/SmallSignalDiode.spi
Reading file: 
        /esat/micas-data/software/Cadence/xcelium_19.03/tools.lnx86/spectre/etc/configs/ms,ms#2.cfg
Reading file: 
        /esat/micas-data/software/Cadence/xcelium_19.03/tools.lnx86/spectre/etc/configs/ms,ms.cfg


Reading file: 
        /esat/micas-data/software/Cadence/xcelium_19.03/tools.lnx86/spectre/etc/configs/ams.cfg
Time for NDB Parsing: CPU = 204.683 ms, elapsed = 659.446 ms.
Time accumulated: CPU = 211.86 ms, elapsed = 659.451 ms.
Peak resident memory used = 73.6 Mbytes.

xcelium> TOOL:	xrun(64)	19.03-s013: Exiting on Nov 21, 2020 at 14:45:18 CET  (total: 00:01:04)
Command line:
    spectre ./amsSim.scs +config  \
        /esat/micas-data/software/Cadence/xcelium_19.03/tools.lnx86/spectre/etc/configs/ams.cfg  \
        -ahdllibdir xcelium.d/AMSD/ahdlSimDB +ms ++aps=liberal
After pLogFile
After install log
End disable stdout
Reading file:  /users/students/r0761743/Eagle/Simvision/Tutorial
        Files/Analog_example_circuit_blank_copy/amsSim.scs

Notice from spectre during circuit read-in.
    Configuration file used:
        `/esat/micas-data/software/Cadence/xcelium_19.03/tools.lnx86/spectre/etc/configs/ams.cfg'.

Reading file:  /users/students/r0761743/Eagle/Simvision/Tutorial
        Files/Analog_example_circuit_blank_copy/xcelium.d/AMSD/ams_spice_in/generated_skeleton_amscb.skl_vams
Reading file: 
        /esat/micas-data/software/Cadence/xcelium_19.03/tools.lnx86/spectre/etc/configs/mapsubckt.cfg
Reading file: 
        /esat/micas-data/software/Cadence/xcelium_19.03/tools.lnx86/spectre/etc/configs/spectre.cfg
Reading file:  /users/students/r0761743/Eagle/Simvision/Tutorial
        Files/Analog_example_circuit_blank_copy/ANALOG_NETWORK.spi
Reading file:  /users/students/r0761743/Eagle/Simvision/Tutorial
        Files/Analog_example_circuit_blank_copy/SmallSignalDiode.spi
Reading file: 
        /esat/micas-data/software/Cadence/xcelium_19.03/tools.lnx86/spectre/etc/configs/ms,ms#2.cfg
Reading file: 
        /esat/micas-data/software/Cadence/xcelium_19.03/tools.lnx86/spectre/etc/configs/ms,ms.cfg


Reading file: 
        /esat/micas-data/software/Cadence/xcelium_19.03/tools.lnx86/spectre/etc/configs/ams.cfg
Time for NDB Parsing: CPU = 141.704 ms, elapsed = 203.925 ms.
Time accumulated: CPU = 148.455 ms, elapsed = 203.929 ms.
Peak resident memory used = 73.8 Mbytes.

xcelium> TOOL:	xrun(64)	19.03-s013: Exiting on Nov 21, 2020 at 14:55:59 CET  (total: 00:00:17)
Command line:
    spectre ./amsSim.scs +config  \
        /esat/micas-data/software/Cadence/xcelium_19.03/tools.lnx86/spectre/etc/configs/ams.cfg  \
        -ahdllibdir xcelium.d/AMSD/ahdlSimDB +ms ++aps=liberal
After pLogFile
After install log
End disable stdout
Reading file:  /users/students/r0761743/Eagle/Simvision/Tutorial
        Files/Analog_example_circuit_blank_copy/amsSim.scs

Notice from spectre during circuit read-in.
    Configuration file used:
        `/esat/micas-data/software/Cadence/xcelium_19.03/tools.lnx86/spectre/etc/configs/ams.cfg'.

Reading file:  /users/students/r0761743/Eagle/Simvision/Tutorial
        Files/Analog_example_circuit_blank_copy/xcelium.d/AMSD/ams_spice_in/generated_skeleton_amscb.skl_vams
Reading file: 
        /esat/micas-data/software/Cadence/xcelium_19.03/tools.lnx86/spectre/etc/configs/mapsubckt.cfg
Reading file: 
        /esat/micas-data/software/Cadence/xcelium_19.03/tools.lnx86/spectre/etc/configs/spectre.cfg
Reading file:  /users/students/r0761743/Eagle/Simvision/Tutorial
        Files/Analog_example_circuit_blank_copy/ANALOG_NETWORK.spi
Reading file:  /users/students/r0761743/Eagle/Simvision/Tutorial
        Files/Analog_example_circuit_blank_copy/SmallSignalDiode.spi
Reading file: 
        /esat/micas-data/software/Cadence/xcelium_19.03/tools.lnx86/spectre/etc/configs/ms,ms#2.cfg
Reading file: 
        /esat/micas-data/software/Cadence/xcelium_19.03/tools.lnx86/spectre/etc/configs/ms,ms.cfg


Reading file: 
        /esat/micas-data/software/Cadence/xcelium_19.03/tools.lnx86/spectre/etc/configs/ams.cfg
Time for NDB Parsing: CPU = 146.182 ms, elapsed = 208.75 ms.
Time accumulated: CPU = 153.119 ms, elapsed = 208.754 ms.
Peak resident memory used = 74 Mbytes.

xcelium> TOOL:	xrun(64)	19.03-s013: Exiting on Nov 21, 2020 at 15:00:42 CET  (total: 00:00:09)
Command line:
    spectre ./amsSim.scs +config  \
        /esat/micas-data/software/Cadence/xcelium_19.03/tools.lnx86/spectre/etc/configs/ams.cfg  \
        -ahdllibdir xcelium.d/AMSD/ahdlSimDB +ms ++aps=liberal
After pLogFile
After install log
End disable stdout
Reading file:  /users/students/r0761743/Eagle/Simvision/Tutorial
        Files/Analog_example_circuit_blank_copy/amsSim.scs

Notice from spectre during circuit read-in.
    Configuration file used:
        `/esat/micas-data/software/Cadence/xcelium_19.03/tools.lnx86/spectre/etc/configs/ams.cfg'.

Reading file:  /users/students/r0761743/Eagle/Simvision/Tutorial
        Files/Analog_example_circuit_blank_copy/xcelium.d/AMSD/ams_spice_in/generated_skeleton_amscb.skl_vams
Reading file: 
        /esat/micas-data/software/Cadence/xcelium_19.03/tools.lnx86/spectre/etc/configs/mapsubckt.cfg
Reading file: 
        /esat/micas-data/software/Cadence/xcelium_19.03/tools.lnx86/spectre/etc/configs/spectre.cfg
Reading file:  /users/students/r0761743/Eagle/Simvision/Tutorial
        Files/Analog_example_circuit_blank_copy/ANALOG_NETWORK.spi
Reading file:  /users/students/r0761743/Eagle/Simvision/Tutorial
        Files/Analog_example_circuit_blank_copy/SmallSignalDiodeModel.spi
Reading file: 
        /esat/micas-data/software/Cadence/xcelium_19.03/tools.lnx86/spectre/etc/configs/ms,ms#2.cfg
Reading file: 
        /esat/micas-data/software/Cadence/xcelium_19.03/tools.lnx86/spectre/etc/configs/ms,ms.cfg


Reading file: 
        /esat/micas-data/software/Cadence/xcelium_19.03/tools.lnx86/spectre/etc/configs/ams.cfg
Time for NDB Parsing: CPU = 144.559 ms, elapsed = 209.769 ms.
Time accumulated: CPU = 151.438 ms, elapsed = 209.773 ms.
Peak resident memory used = 74.3 Mbytes.

xcelium> TOOL:	xrun(64)	19.03-s013: Exiting on Nov 21, 2020 at 15:37:07 CET  (total: 00:00:15)
Command line:
    spectre ./amsSim.scs +config  \
        /esat/micas-data/software/Cadence/xcelium_19.03/tools.lnx86/spectre/etc/configs/ams.cfg  \
        -ahdllibdir xcelium.d/AMSD/ahdlSimDB +ms ++aps=liberal
After pLogFile
After install log
End disable stdout
Reading file:  /users/students/r0761743/Eagle/Simvision/Tutorial
        Files/Analog_example_circuit_blank_copy/amsSim.scs

Notice from spectre during circuit read-in.
    Configuration file used:
        `/esat/micas-data/software/Cadence/xcelium_19.03/tools.lnx86/spectre/etc/configs/ams.cfg'.

Reading file:  /users/students/r0761743/Eagle/Simvision/Tutorial
        Files/Analog_example_circuit_blank_copy/xcelium.d/AMSD/ams_spice_in/generated_skeleton_amscb.skl_vams
Reading file: 
        /esat/micas-data/software/Cadence/xcelium_19.03/tools.lnx86/spectre/etc/configs/mapsubckt.cfg
Reading file: 
        /esat/micas-data/software/Cadence/xcelium_19.03/tools.lnx86/spectre/etc/configs/spectre.cfg
Reading file:  /users/students/r0761743/Eagle/Simvision/Tutorial
        Files/Analog_example_circuit_blank_copy/ANALOG_NETWORK.spi
Reading file:  /users/students/r0761743/Eagle/Simvision/Tutorial
        Files/Analog_example_circuit_blank_copy/SmallSignalDiode.spi
Reading file: 
        /esat/micas-data/software/Cadence/xcelium_19.03/tools.lnx86/spectre/etc/configs/ms,ms#2.cfg
Reading file: 
        /esat/micas-data/software/Cadence/xcelium_19.03/tools.lnx86/spectre/etc/configs/ms,ms.cfg


Reading file: 
        /esat/micas-data/software/Cadence/xcelium_19.03/tools.lnx86/spectre/etc/configs/ams.cfg
Time for NDB Parsing: CPU = 146.214 ms, elapsed = 210.968 ms.
Time accumulated: CPU = 153.338 ms, elapsed = 210.972 ms.
Peak resident memory used = 74.2 Mbytes.

xcelium> TOOL:	xrun(64)	19.03-s013: Exiting on Nov 21, 2020 at 15:44:02 CET  (total: 00:00:09)
