xrun(64): 19.03-s013: (c) Copyright 1995-2019 Cadence Design Systems, Inc.
TOOL:	xrun(64)	19.03-s013: Started on Dec 01, 2020 at 22:12:46 CET
xrun
	./amsSim.scs
	-spectre_args "+ms ++aps=liberal"
	-f verilogFiles.f
		./Testbench.v
	-access +rwc
	-64bit
	-gui
Recompiling... reason: unable to stat '/.//users/micas/jvanassc/Vakantie Job Bram Veraverbeke 2020/swiptmixedsignalsim/Simvision_mixed_signal/Documentation/Analog_example_circuit_blank/Testbench.v'.
xrun: *E,SPCERR: The program encountered one or more errors while processing the input SPICE file(s) in the AMSD flow. For details, see the following messages.
amsspice: *Notice (amsSim.scs,29): For the 'portmap' statement, assuming
	  'autobus=yes' as the default type in the AMSD control block flow.
amsspice: *Notice: Using external port-bind file: 'analog_network.pb'
amsspice: *Error: The port name 'G1' from subckt 'ANALOG_NETWORK' is not found in port-bind file
	  '/users/students/r0761743/Eagle/Simvision/Global_T2/xcelium.d/AMSD/portbind_files/analog_network.pb'.
	  Check if all port names are specified in the port-bind file correctly.
	  Further occurrences of this error will be suppressed.
amsspice: *Error: One or more port names from subckt 'ANALOG_NETWORK' were not found in '/users/students/r0761743/Eagle/Simvision/Global_T2/xcelium.d/AMSD/portbind_files/analog_network.pb'.
	  All port names in the subckt must be specified in the port-bind file.
TOOL:	xrun(64)	19.03-s013: Exiting on Dec 01, 2020 at 22:12:53 CET  (total: 00:00:07)
