ahdlcmicompile: Compiling ahdlcmi in xcelium.d/AMSD/ahdlSimDB/bsource_ac1afe.va.bsource_ac1afe.ahdlcmi/Linux-64/ for Linux-64 with optimize using gcc on Sat Nov 21 18:11:16 CET 2020 [5.0]
ahdlcmicompile: Generating makefile
PATH:  /esat/micas-data/software/Cadence/xcelium_19.03/tools/bin/64bit:/esat/micas-data/software/Cadence/xcelium_19.03/tools/bin/64bit:/esat/micas-data/software/Cadence/xcelium_19.03/tools/bin/64bit:/esat/micas-data/software/Cadence/xcelium_19.03/tools/bin/64bit:/esat/micas-data/software/Cadence/xcelium_19.03/tools/bin/64bit:/esat/micas-data/software/Cadence/xcelium_19.03/tools/bin/64bit:/esat/micas-data/software/Cadence/xcelium_19.03/tools/bin/64bit:/esat/micas-data/software/Cadence/xcelium_19.03/tools/bin/64bit:/esat/micas-data/software/Cadence/xcelium_19.03/tools/bin/64bit:/usr/lib64/qt-3.3/bin:/usr/lib64/ccache:/usr/local/bin:/usr/bin:/usr/local/sbin:/usr/sbin:/opt/puppetlabs/bin:/freeware/bin/gnu-tools:/freeware/bin:/software/bin:/esat/micas-data/software/Cadence/xcelium_19.03/bin:/esat/micas-data/software/Cadence/xcelium_19.03/tools/bin:/esat/micas-data/software/Cadence/xcelium_19.03/tools/cdsgcc/gcc/bin:/esat/micas-data/software/Cadence/spectre_19.10/bin
LD_LIBRARY_PATH:  /esat/micas-data/software/Cadence/xcelium_19.03/tools/lib/64bit:/esat/micas-data/software/Cadence/xcelium_19.03/tools/lib/64bit/SuSE:/esat/micas-data/software/Cadence/xcelium_19.03/tools/lib/64bit:/esat/micas-data/software/Cadence/xcelium_19.03/tools/lib/64bit/SuSE:/esat/micas-data/software/Cadence/xcelium_19.03/tools/lib/64bit:/esat/micas-data/software/Cadence/xcelium_19.03/tools/lib/64bit/SuSE:/esat/micas-data/software/Cadence/xcelium_19.03/tools/lib/64bit:/esat/micas-data/software/Cadence/xcelium_19.03/tools/lib/64bit/SuSE
/esat/micas-data/software/Cadence/xcelium_19.03/tools.lnx86/spectre/ahdlcmi/bin/gnumake -j18 -f GNUmakefile
Cleaning ./obj/optimize/5.0
rm -f -rf ./obj/optimize/5.0
Compiling C file bsource_ac1afe.c (optimize)
/esat/micas-data/software/Cadence/xcelium_19.03/tools.lnx86/spectre/ahdlcmi/bin/64bit/ahdlcc 0 /esat/micas-data/software/Cadence/xcelium_19.03/tools.lnx86/cdsgcc/gcc/6.3/bin/gcc  -march=k8 -ffast-math  -fno-unsafe-math-optimizations -O3 -m64 -DSYSV -DSVR4 -D_REENTRANT -fPIC   -DconfigSPECTRE -I. -I/esat/micas-data/software/Cadence/xcelium_19.03/tools.lnx86/spectre/ahdlcmi/include -c bsource_ac1afe.c -o obj/optimize/5.0/bsource_ac1afe.o || rm -f -f obj/optimize/5.0/bsource_ac1afe.o
<stdin>: In function 'bsource_ac1afe_DcFuncDerLoad':
<stdin>:130:67: warning: passing argument 2 of 'bsource_ac1afe_userFn_esp_val_if_000' from incompatible pointer type [-Wincompatible-pointer-types]
<stdin>:105:52: note: expected 'struct bsource_ac1afeInstData *' but argument is of type 'char *'
<stdin>:133:67: warning: passing argument 2 of 'bsource_ac1afe_userFn_esp_val_if_000' from incompatible pointer type [-Wincompatible-pointer-types]
<stdin>:105:52: note: expected 'struct bsource_ac1afeInstData *' but argument is of type 'char *'
<stdin>: In function 'bsource_ac1afe_DcFuncLoad':
<stdin>:199:68: warning: passing argument 2 of 'bsource_ac1afe_userFn_esp_val_if_000' from incompatible pointer type [-Wincompatible-pointer-types]
<stdin>:105:52: note: expected 'struct bsource_ac1afeInstData *' but argument is of type 'char *'
<stdin>:202:68: warning: passing argument 2 of 'bsource_ac1afe_userFn_esp_val_if_000' from incompatible pointer type [-Wincompatible-pointer-types]
<stdin>:105:52: note: expected 'struct bsource_ac1afeInstData *' but argument is of type 'char *'
<stdin>: In function 'bsource_ac1afe_AcLoad':
<stdin>:267:68: warning: passing argument 2 of 'bsource_ac1afe_userFn_esp_val_if_000' from incompatible pointer type [-Wincompatible-pointer-types]
<stdin>:105:52: note: expected 'struct bsource_ac1afeInstData *' but argument is of type 'char *'
<stdin>:270:68: warning: passing argument 2 of 'bsource_ac1afe_userFn_esp_val_if_000' from incompatible pointer type [-Wincompatible-pointer-types]
<stdin>:105:52: note: expected 'struct bsource_ac1afeInstData *' but argument is of type 'char *'
<stdin>: In function 'bsource_ac1afe_TranFuncDerLoad':
<stdin>:418:68: warning: passing argument 2 of 'bsource_ac1afe_userFn_esp_val_if_000' from incompatible pointer type [-Wincompatible-pointer-types]
<stdin>:105:52: note: expected 'struct bsource_ac1afeInstData *' but argument is of type 'char *'
<stdin>:424:68: warning: passing argument 2 of 'bsource_ac1afe_userFn_esp_val_if_000' from incompatible pointer type [-Wincompatible-pointer-types]
<stdin>:105:52: note: expected 'struct bsource_ac1afeInstData *' but argument is of type 'char *'
<stdin>: In function 'bsource_ac1afe_TranFuncLoad':
<stdin>:521:68: warning: passing argument 2 of 'bsource_ac1afe_userFn_esp_val_if_000' from incompatible pointer type [-Wincompatible-pointer-types]
<stdin>:105:52: note: expected 'struct bsource_ac1afeInstData *' but argument is of type 'char *'
<stdin>:524:68: warning: passing argument 2 of 'bsource_ac1afe_userFn_esp_val_if_000' from incompatible pointer type [-Wincompatible-pointer-types]
<stdin>:105:52: note: expected 'struct bsource_ac1afeInstData *' but argument is of type 'char *'
<stdin>: In function 'bsource_ac1afe_OpPointCalc':
<stdin>:606:68: warning: passing argument 2 of 'bsource_ac1afe_userFn_esp_val_if_000' from incompatible pointer type [-Wincompatible-pointer-types]
<stdin>:105:52: note: expected 'struct bsource_ac1afeInstData *' but argument is of type 'char *'
<stdin>:609:68: warning: passing argument 2 of 'bsource_ac1afe_userFn_esp_val_if_000' from incompatible pointer type [-Wincompatible-pointer-types]
<stdin>:105:52: note: expected 'struct bsource_ac1afeInstData *' but argument is of type 'char *'
<stdin>:645:68: warning: passing argument 2 of 'bsource_ac1afe_userFn_esp_val_if_000' from incompatible pointer type [-Wincompatible-pointer-types]
<stdin>:105:52: note: expected 'struct bsource_ac1afeInstData *' but argument is of type 'char *'
<stdin>:648:68: warning: passing argument 2 of 'bsource_ac1afe_userFn_esp_val_if_000' from incompatible pointer type [-Wincompatible-pointer-types]
<stdin>:105:52: note: expected 'struct bsource_ac1afeInstData *' but argument is of type 'char *'
<stdin>: In function 'bsource_ac1afe_pGetInstanceParams':
<stdin>:1447:1604: warning: implicit declaration of function 'devGetInstKnotStatus' [-Wimplicit-function-declaration]
<stdin>: In function 'bsource_ac1afe_pDC_Load':
<stdin>:1464:2986: warning: passing argument 1 of 'aslDevFillZeorDiagonalElemet' makes pointer from integer without a cast [-Wint-conversion]
In file included from <stdin>:24:0:
/esat/micas-data/software/Cadence/xcelium_19.03/tools.lnx86/spectre/ahdlcmi/include/ahdlDevLibGlobal.h:2685:33: note: expected 'void *' but argument is of type 'long int'
 ASL_FUNC_DECL_START extern void aslDevFillZeorDiagonalElemet( void *, int, unsigned int, struct ahdlFuncModeParam * );
                                 ^~~~~~~~~~~~~~~~~~~~~~~~~~~~
<stdin>: In function 'bsource_ac1afe_pCompare':
<stdin>:1503:1106: warning: assignment makes integer from pointer without a cast [-Wint-conversion]
<stdin>:1503:1185: warning: passing argument 1 of 'memcpy' makes pointer from integer without a cast [-Wint-conversion]
In file included from /esat/micas-data/software/Cadence/xcelium_19.03/tools.lnx86/spectre/ahdlcmi/include/ahdlPiCmi.h:5:0,
                 from /esat/micas-data/software/Cadence/xcelium_19.03/tools.lnx86/spectre/ahdlcmi/include/ahdlDevLibGlobal.h:83,
                 from <stdin>:24:
/usr/include/string.h:42:14: note: expected 'void * restrict' but argument is of type 'long int'
 extern void *memcpy (void *__restrict __dest, const void *__restrict __src,
              ^~~~~~
<stdin>:1503:1219: warning: passing argument 2 of 'memcpy' makes pointer from integer without a cast [-Wint-conversion]
In file included from /esat/micas-data/software/Cadence/xcelium_19.03/tools.lnx86/spectre/ahdlcmi/include/ahdlPiCmi.h:5:0,
                 from /esat/micas-data/software/Cadence/xcelium_19.03/tools.lnx86/spectre/ahdlcmi/include/ahdlDevLibGlobal.h:83,
                 from <stdin>:24:
/usr/include/string.h:42:14: note: expected 'const void * restrict' but argument is of type 'long int'
 extern void *memcpy (void *__restrict __dest, const void *__restrict __src,
              ^~~~~~
<stdin>:1503:1343: warning: assignment makes integer from pointer without a cast [-Wint-conversion]
<stdin>: In function 'bsource_ac1afe_pGetMatrixPointers':
<stdin>:1509:1819: warning: assignment makes integer from pointer without a cast [-Wint-conversion]
<stdin>: In function 'bsource_ac1afe_pAnalTranLoad':
<stdin>:1546:3937: warning: passing argument 1 of 'aslDevFillZeorDiagonalElemet' makes pointer from integer without a cast [-Wint-conversion]
In file included from <stdin>:24:0:
/esat/micas-data/software/Cadence/xcelium_19.03/tools.lnx86/spectre/ahdlcmi/include/ahdlDevLibGlobal.h:2685:33: note: expected 'void *' but argument is of type 'long int'
 ASL_FUNC_DECL_START extern void aslDevFillZeorDiagonalElemet( void *, int, unsigned int, struct ahdlFuncModeParam * );
                                 ^~~~~~~~~~~~~~~~~~~~~~~~~~~~
<stdin>: In function 'bsource_ac1afe_pSaveRestart':
<stdin>:1572:1961: warning: implicit declaration of function 'pklAccessDouble' [-Wimplicit-function-declaration]
<stdin>:1572:2040: warning: passing argument 2 of 'aslDevAvarSR' from incompatible pointer type [-Wincompatible-pointer-types]
In file included from <stdin>:24:0:
/esat/micas-data/software/Cadence/xcelium_19.03/tools.lnx86/spectre/ahdlcmi/include/ahdlDevLibGlobal.h:1218:39: note: expected 'struct ahdlAnalogVar *' but argument is of type 'char *'
 ASL_FUNC_DECL_START extern PklError_e aslDevAvarSR( int, struct ahdlAnalogVar *, char *, char *, char *, PklJar_t * );
                                       ^~~~~~~~~~~~
<stdin>: In function 'bsource_ac1afe_pSaveRestartInst':
<stdin>:1575:1956: warning: passing argument 2 of 'aslDevAvarSR' from incompatible pointer type [-Wincompatible-pointer-types]
In file included from <stdin>:24:0:
/esat/micas-data/software/Cadence/xcelium_19.03/tools.lnx86/spectre/ahdlcmi/include/ahdlDevLibGlobal.h:1218:39: note: expected 'struct ahdlAnalogVar *' but argument is of type 'char *'
 ASL_FUNC_DECL_START extern PklError_e aslDevAvarSR( int, struct ahdlAnalogVar *, char *, char *, char *, PklJar_t * );
                                       ^~~~~~~~~~~~
<stdin>: In function 'ahdlbsource_ac1afeDescInstall':
<stdin>:1607:1867: warning: implicit declaration of function 'descSetDeviceType' [-Wimplicit-function-declaration]
<stdin>:1607:1995: warning: implicit declaration of function 'descSetSetContrInfoPtr' [-Wimplicit-function-declaration]
<stdin>:1607:2390: warning: implicit declaration of function 'descSetCopySignals' [-Wimplicit-function-declaration]
<stdin>:1607:4093: warning: implicit declaration of function 'descSetGetNodeNamesForBranch' [-Wimplicit-function-declaration]
rm -f -rf bsource_ac1afe.c
/esat/micas-data/software/Cadence/xcelium_19.03/tools.lnx86/cdsgcc/gcc/6.3/bin/gcc -shared -O3 -m64 -fPIC -o obj/optimize/5.0/libahdlcmi_bsource_ac1afe.so ./obj/optimize/5.0/bsource_ac1afe.o  -Wl,-rpath,/usr/lib -Wl,-rpath,/lib -s 
rm -f -f ./obj/optimize/5.0/bsource_ac1afe.o 
