ahdlcmicompile: Compiling ahdlcmi in xcelium.d/AMSD/ahdlSimDB/bsource_a92d86.va.bsource_a92d86.ahdlcmi/Linux-64/ for Linux-64 with optimize using gcc on Sat Nov 21 17:13:36 CET 2020 [5.0]
ahdlcmicompile: Generating makefile
PATH:  /esat/micas-data/software/Cadence/xcelium_19.03/tools/bin/64bit:/esat/micas-data/software/Cadence/xcelium_19.03/tools/bin/64bit:/esat/micas-data/software/Cadence/xcelium_19.03/tools/bin/64bit:/esat/micas-data/software/Cadence/xcelium_19.03/tools/bin/64bit:/esat/micas-data/software/Cadence/xcelium_19.03/tools/bin/64bit:/esat/micas-data/software/Cadence/xcelium_19.03/tools/bin/64bit:/esat/micas-data/software/Cadence/xcelium_19.03/tools/bin/64bit:/esat/micas-data/software/Cadence/xcelium_19.03/tools/bin/64bit:/esat/micas-data/software/Cadence/xcelium_19.03/tools/bin/64bit:/esat/micas-data/software/Cadence/xcelium_19.03/tools/bin/64bit:/esat/micas-data/software/Cadence/xcelium_19.03/tools/bin/64bit:/esat/micas-data/software/Cadence/xcelium_19.03/tools/bin/64bit:/esat/micas-data/software/Cadence/xcelium_19.03/tools/bin/64bit:/esat/micas-data/software/Cadence/xcelium_19.03/tools/bin/64bit:/esat/micas-data/software/Cadence/xcelium_19.03/tools/bin/64bit:/esat/micas-data/software/Cadence/xcelium_19.03/tools/bin/64bit:/esat/micas-data/software/Cadence/xcelium_19.03/tools/bin/64bit:/esat/micas-data/software/Cadence/xcelium_19.03/tools/bin/64bit:/esat/micas-data/software/Cadence/xcelium_19.03/tools/bin/64bit:/usr/lib64/qt-3.3/bin:/usr/lib64/ccache:/usr/local/bin:/usr/bin:/usr/local/sbin:/usr/sbin:/opt/puppetlabs/bin:/freeware/bin/gnu-tools:/freeware/bin:/software/bin:/esat/micas-data/software/Cadence/xcelium_19.03/bin:/esat/micas-data/software/Cadence/xcelium_19.03/tools/bin:/esat/micas-data/software/Cadence/xcelium_19.03/tools/cdsgcc/gcc/bin:/esat/micas-data/software/Cadence/spectre_19.10/bin
LD_LIBRARY_PATH:  /esat/micas-data/software/Cadence/xcelium_19.03/tools/lib/64bit:/esat/micas-data/software/Cadence/xcelium_19.03/tools/lib/64bit/SuSE:/esat/micas-data/software/Cadence/xcelium_19.03/tools/lib/64bit:/esat/micas-data/software/Cadence/xcelium_19.03/tools/lib/64bit/SuSE:/esat/micas-data/software/Cadence/xcelium_19.03/tools/lib/64bit:/esat/micas-data/software/Cadence/xcelium_19.03/tools/lib/64bit/SuSE:/esat/micas-data/software/Cadence/xcelium_19.03/tools/lib/64bit:/esat/micas-data/software/Cadence/xcelium_19.03/tools/lib/64bit/SuSE:/esat/micas-data/software/Cadence/xcelium_19.03/tools/lib/64bit:/esat/micas-data/software/Cadence/xcelium_19.03/tools/lib/64bit/SuSE:/esat/micas-data/software/Cadence/xcelium_19.03/tools/lib/64bit:/esat/micas-data/software/Cadence/xcelium_19.03/tools/lib/64bit/SuSE:/esat/micas-data/software/Cadence/xcelium_19.03/tools/lib/64bit:/esat/micas-data/software/Cadence/xcelium_19.03/tools/lib/64bit/SuSE:/esat/micas-data/software/Cadence/xcelium_19.03/tools/lib/64bit:/esat/micas-data/software/Cadence/xcelium_19.03/tools/lib/64bit/SuSE:/esat/micas-data/software/Cadence/xcelium_19.03/tools/lib/64bit:/esat/micas-data/software/Cadence/xcelium_19.03/tools/lib/64bit/SuSE
/esat/micas-data/software/Cadence/xcelium_19.03/tools.lnx86/spectre/ahdlcmi/bin/gnumake -j18 -f GNUmakefile
Cleaning ./obj/optimize/5.0
rm -f -rf ./obj/optimize/5.0
Compiling C file bsource_a92d86.c (optimize)
/esat/micas-data/software/Cadence/xcelium_19.03/tools.lnx86/spectre/ahdlcmi/bin/64bit/ahdlcc 0 /esat/micas-data/software/Cadence/xcelium_19.03/tools.lnx86/cdsgcc/gcc/6.3/bin/gcc  -march=k8 -ffast-math  -fno-unsafe-math-optimizations -O3 -m64 -DSYSV -DSVR4 -D_REENTRANT -fPIC   -DconfigSPECTRE -I. -I/esat/micas-data/software/Cadence/xcelium_19.03/tools.lnx86/spectre/ahdlcmi/include -c bsource_a92d86.c -o obj/optimize/5.0/bsource_a92d86.o || rm -f -f obj/optimize/5.0/bsource_a92d86.o
<stdin>: In function 'bsource_a92d86_DcFuncDerLoad':
<stdin>:148:71: warning: passing argument 2 of 'bsource_a92d86_userFn_esp_val_if_der_011' from incompatible pointer type [-Wincompatible-pointer-types]
<stdin>:112:10: note: expected 'struct bsource_a92d86InstData *' but argument is of type 'char *'
<stdin>:152:72: warning: passing argument 2 of 'bsource_a92d86_userFn_esp_val_if_der_010' from incompatible pointer type [-Wincompatible-pointer-types]
<stdin>:113:102: note: expected 'struct bsource_a92d86InstData *' but argument is of type 'char *'
<stdin>: In function 'bsource_a92d86_DcFuncLoad':
<stdin>:229:68: warning: passing argument 2 of 'bsource_a92d86_userFn_esp_val_if_000' from incompatible pointer type [-Wincompatible-pointer-types]
<stdin>:110:52: note: expected 'struct bsource_a92d86InstData *' but argument is of type 'char *'
<stdin>:232:68: warning: passing argument 2 of 'bsource_a92d86_userFn_esp_val_if_000' from incompatible pointer type [-Wincompatible-pointer-types]
<stdin>:110:52: note: expected 'struct bsource_a92d86InstData *' but argument is of type 'char *'
<stdin>: In function 'bsource_a92d86_AcLoad':
<stdin>:310:72: warning: passing argument 2 of 'bsource_a92d86_userFn_esp_val_if_der_011' from incompatible pointer type [-Wincompatible-pointer-types]
<stdin>:112:10: note: expected 'struct bsource_a92d86InstData *' but argument is of type 'char *'
<stdin>:314:72: warning: passing argument 2 of 'bsource_a92d86_userFn_esp_val_if_der_010' from incompatible pointer type [-Wincompatible-pointer-types]
<stdin>:113:102: note: expected 'struct bsource_a92d86InstData *' but argument is of type 'char *'
<stdin>: In function 'bsource_a92d86_TranFuncDerLoad':
<stdin>:487:72: warning: passing argument 2 of 'bsource_a92d86_userFn_esp_val_if_der_011' from incompatible pointer type [-Wincompatible-pointer-types]
<stdin>:112:10: note: expected 'struct bsource_a92d86InstData *' but argument is of type 'char *'
<stdin>:494:72: warning: passing argument 2 of 'bsource_a92d86_userFn_esp_val_if_der_010' from incompatible pointer type [-Wincompatible-pointer-types]
<stdin>:113:102: note: expected 'struct bsource_a92d86InstData *' but argument is of type 'char *'
<stdin>: In function 'bsource_a92d86_TranFuncLoad':
<stdin>:607:68: warning: passing argument 2 of 'bsource_a92d86_userFn_esp_val_if_000' from incompatible pointer type [-Wincompatible-pointer-types]
<stdin>:110:52: note: expected 'struct bsource_a92d86InstData *' but argument is of type 'char *'
<stdin>:610:68: warning: passing argument 2 of 'bsource_a92d86_userFn_esp_val_if_000' from incompatible pointer type [-Wincompatible-pointer-types]
<stdin>:110:52: note: expected 'struct bsource_a92d86InstData *' but argument is of type 'char *'
<stdin>: In function 'bsource_a92d86_OpPointCalc':
<stdin>:707:72: warning: passing argument 2 of 'bsource_a92d86_userFn_esp_val_if_der_011' from incompatible pointer type [-Wincompatible-pointer-types]
<stdin>:112:10: note: expected 'struct bsource_a92d86InstData *' but argument is of type 'char *'
<stdin>:712:72: warning: passing argument 2 of 'bsource_a92d86_userFn_esp_val_if_der_010' from incompatible pointer type [-Wincompatible-pointer-types]
<stdin>:113:102: note: expected 'struct bsource_a92d86InstData *' but argument is of type 'char *'
<stdin>:757:72: warning: passing argument 2 of 'bsource_a92d86_userFn_esp_val_if_der_011' from incompatible pointer type [-Wincompatible-pointer-types]
<stdin>:112:10: note: expected 'struct bsource_a92d86InstData *' but argument is of type 'char *'
<stdin>:761:72: warning: passing argument 2 of 'bsource_a92d86_userFn_esp_val_if_der_010' from incompatible pointer type [-Wincompatible-pointer-types]
<stdin>:113:102: note: expected 'struct bsource_a92d86InstData *' but argument is of type 'char *'
<stdin>: In function 'bsource_a92d86_pGetInstanceParams':
<stdin>:1638:1604: warning: implicit declaration of function 'devGetInstKnotStatus' [-Wimplicit-function-declaration]
<stdin>: In function 'bsource_a92d86_pDC_Load':
<stdin>:1655:2986: warning: passing argument 1 of 'aslDevFillZeorDiagonalElemet' makes pointer from integer without a cast [-Wint-conversion]
In file included from <stdin>:24:0:
/esat/micas-data/software/Cadence/xcelium_19.03/tools.lnx86/spectre/ahdlcmi/include/ahdlDevLibGlobal.h:2685:33: note: expected 'void *' but argument is of type 'long int'
 ASL_FUNC_DECL_START extern void aslDevFillZeorDiagonalElemet( void *, int, unsigned int, struct ahdlFuncModeParam * );
                                 ^~~~~~~~~~~~~~~~~~~~~~~~~~~~
<stdin>: In function 'bsource_a92d86_pCompare':
<stdin>:1694:1205: warning: assignment makes integer from pointer without a cast [-Wint-conversion]
<stdin>:1694:1285: warning: passing argument 1 of 'memcpy' makes pointer from integer without a cast [-Wint-conversion]
In file included from /esat/micas-data/software/Cadence/xcelium_19.03/tools.lnx86/spectre/ahdlcmi/include/ahdlPiCmi.h:5:0,
                 from /esat/micas-data/software/Cadence/xcelium_19.03/tools.lnx86/spectre/ahdlcmi/include/ahdlDevLibGlobal.h:83,
                 from <stdin>:24:
/usr/include/string.h:42:14: note: expected 'void * restrict' but argument is of type 'long int'
 extern void *memcpy (void *__restrict __dest, const void *__restrict __src,
              ^~~~~~
<stdin>:1694:1320: warning: passing argument 2 of 'memcpy' makes pointer from integer without a cast [-Wint-conversion]
In file included from /esat/micas-data/software/Cadence/xcelium_19.03/tools.lnx86/spectre/ahdlcmi/include/ahdlPiCmi.h:5:0,
                 from /esat/micas-data/software/Cadence/xcelium_19.03/tools.lnx86/spectre/ahdlcmi/include/ahdlDevLibGlobal.h:83,
                 from <stdin>:24:
/usr/include/string.h:42:14: note: expected 'const void * restrict' but argument is of type 'long int'
 extern void *memcpy (void *__restrict __dest, const void *__restrict __src,
              ^~~~~~
<stdin>:1694:1447: warning: assignment makes integer from pointer without a cast [-Wint-conversion]
<stdin>: In function 'bsource_a92d86_pGetMatrixPointers':
<stdin>:1700:2416: warning: assignment makes integer from pointer without a cast [-Wint-conversion]
<stdin>: In function 'bsource_a92d86_pAnalTranLoad':
<stdin>:1737:3937: warning: passing argument 1 of 'aslDevFillZeorDiagonalElemet' makes pointer from integer without a cast [-Wint-conversion]
In file included from <stdin>:24:0:
/esat/micas-data/software/Cadence/xcelium_19.03/tools.lnx86/spectre/ahdlcmi/include/ahdlDevLibGlobal.h:2685:33: note: expected 'void *' but argument is of type 'long int'
 ASL_FUNC_DECL_START extern void aslDevFillZeorDiagonalElemet( void *, int, unsigned int, struct ahdlFuncModeParam * );
                                 ^~~~~~~~~~~~~~~~~~~~~~~~~~~~
<stdin>: In function 'bsource_a92d86_pSaveRestart':
<stdin>:1763:1961: warning: implicit declaration of function 'pklAccessDouble' [-Wimplicit-function-declaration]
<stdin>:1763:2040: warning: passing argument 2 of 'aslDevAvarSR' from incompatible pointer type [-Wincompatible-pointer-types]
In file included from <stdin>:24:0:
/esat/micas-data/software/Cadence/xcelium_19.03/tools.lnx86/spectre/ahdlcmi/include/ahdlDevLibGlobal.h:1218:39: note: expected 'struct ahdlAnalogVar *' but argument is of type 'char *'
 ASL_FUNC_DECL_START extern PklError_e aslDevAvarSR( int, struct ahdlAnalogVar *, char *, char *, char *, PklJar_t * );
                                       ^~~~~~~~~~~~
<stdin>: In function 'bsource_a92d86_pSaveRestartInst':
<stdin>:1766:1956: warning: passing argument 2 of 'aslDevAvarSR' from incompatible pointer type [-Wincompatible-pointer-types]
In file included from <stdin>:24:0:
/esat/micas-data/software/Cadence/xcelium_19.03/tools.lnx86/spectre/ahdlcmi/include/ahdlDevLibGlobal.h:1218:39: note: expected 'struct ahdlAnalogVar *' but argument is of type 'char *'
 ASL_FUNC_DECL_START extern PklError_e aslDevAvarSR( int, struct ahdlAnalogVar *, char *, char *, char *, PklJar_t * );
                                       ^~~~~~~~~~~~
<stdin>: In function 'ahdlbsource_a92d86DescInstall':
<stdin>:1799:1866: warning: implicit declaration of function 'descSetDeviceType' [-Wimplicit-function-declaration]
<stdin>:1799:1994: warning: implicit declaration of function 'descSetSetContrInfoPtr' [-Wimplicit-function-declaration]
<stdin>:1799:2389: warning: implicit declaration of function 'descSetCopySignals' [-Wimplicit-function-declaration]
<stdin>:1799:4092: warning: implicit declaration of function 'descSetGetNodeNamesForBranch' [-Wimplicit-function-declaration]
rm -f -rf bsource_a92d86.c
/esat/micas-data/software/Cadence/xcelium_19.03/tools.lnx86/cdsgcc/gcc/6.3/bin/gcc -shared -O3 -m64 -fPIC -o obj/optimize/5.0/libahdlcmi_bsource_a92d86.so ./obj/optimize/5.0/bsource_a92d86.o  -Wl,-rpath,/usr/lib -Wl,-rpath,/lib -s 
rm -f -f ./obj/optimize/5.0/bsource_a92d86.o 
