ahdlcmicompile: Compiling ahdlcmi in xcelium.d/AMSD/ahdlSimDB/bsource_5a0527.va.bsource_5a0527.ahdlcmi/Linux-64/ for Linux-64 with optimize using gcc on Sat Nov 21 18:11:23 CET 2020 [5.0]
ahdlcmicompile: Generating makefile
PATH:  /esat/micas-data/software/Cadence/xcelium_19.03/tools/bin/64bit:/esat/micas-data/software/Cadence/xcelium_19.03/tools/bin/64bit:/esat/micas-data/software/Cadence/xcelium_19.03/tools/bin/64bit:/esat/micas-data/software/Cadence/xcelium_19.03/tools/bin/64bit:/esat/micas-data/software/Cadence/xcelium_19.03/tools/bin/64bit:/esat/micas-data/software/Cadence/xcelium_19.03/tools/bin/64bit:/esat/micas-data/software/Cadence/xcelium_19.03/tools/bin/64bit:/esat/micas-data/software/Cadence/xcelium_19.03/tools/bin/64bit:/esat/micas-data/software/Cadence/xcelium_19.03/tools/bin/64bit:/usr/lib64/qt-3.3/bin:/usr/lib64/ccache:/usr/local/bin:/usr/bin:/usr/local/sbin:/usr/sbin:/opt/puppetlabs/bin:/freeware/bin/gnu-tools:/freeware/bin:/software/bin:/esat/micas-data/software/Cadence/xcelium_19.03/bin:/esat/micas-data/software/Cadence/xcelium_19.03/tools/bin:/esat/micas-data/software/Cadence/xcelium_19.03/tools/cdsgcc/gcc/bin:/esat/micas-data/software/Cadence/spectre_19.10/bin
LD_LIBRARY_PATH:  /esat/micas-data/software/Cadence/xcelium_19.03/tools/lib/64bit:/esat/micas-data/software/Cadence/xcelium_19.03/tools/lib/64bit/SuSE:/esat/micas-data/software/Cadence/xcelium_19.03/tools/lib/64bit:/esat/micas-data/software/Cadence/xcelium_19.03/tools/lib/64bit/SuSE:/esat/micas-data/software/Cadence/xcelium_19.03/tools/lib/64bit:/esat/micas-data/software/Cadence/xcelium_19.03/tools/lib/64bit/SuSE:/esat/micas-data/software/Cadence/xcelium_19.03/tools/lib/64bit:/esat/micas-data/software/Cadence/xcelium_19.03/tools/lib/64bit/SuSE
/esat/micas-data/software/Cadence/xcelium_19.03/tools.lnx86/spectre/ahdlcmi/bin/gnumake -j18 -f GNUmakefile
Cleaning ./obj/optimize/5.0
rm -f -rf ./obj/optimize/5.0
Compiling C file bsource_5a0527.c (optimize)
/esat/micas-data/software/Cadence/xcelium_19.03/tools.lnx86/spectre/ahdlcmi/bin/64bit/ahdlcc 0 /esat/micas-data/software/Cadence/xcelium_19.03/tools.lnx86/cdsgcc/gcc/6.3/bin/gcc  -march=k8 -ffast-math  -fno-unsafe-math-optimizations -O3 -m64 -DSYSV -DSVR4 -D_REENTRANT -fPIC   -DconfigSPECTRE -I. -I/esat/micas-data/software/Cadence/xcelium_19.03/tools.lnx86/spectre/ahdlcmi/include -c bsource_5a0527.c -o obj/optimize/5.0/bsource_5a0527.o || rm -f -f obj/optimize/5.0/bsource_5a0527.o
<stdin>: In function 'bsource_5a0527_DcFuncDerLoad':
<stdin>:123:67: warning: passing argument 2 of 'bsource_5a0527_userFn_esp_val_if_000' from incompatible pointer type [-Wincompatible-pointer-types]
<stdin>:100:52: note: expected 'struct bsource_5a0527InstData *' but argument is of type 'char *'
<stdin>: In function 'bsource_5a0527_DcFuncLoad':
<stdin>:176:67: warning: passing argument 2 of 'bsource_5a0527_userFn_esp_val_if_000' from incompatible pointer type [-Wincompatible-pointer-types]
<stdin>:100:52: note: expected 'struct bsource_5a0527InstData *' but argument is of type 'char *'
<stdin>: In function 'bsource_5a0527_AcLoad':
<stdin>:228:68: warning: passing argument 2 of 'bsource_5a0527_userFn_esp_val_if_000' from incompatible pointer type [-Wincompatible-pointer-types]
<stdin>:100:52: note: expected 'struct bsource_5a0527InstData *' but argument is of type 'char *'
<stdin>: In function 'bsource_5a0527_TranFuncDerLoad':
<stdin>:360:68: warning: passing argument 2 of 'bsource_5a0527_userFn_esp_val_if_000' from incompatible pointer type [-Wincompatible-pointer-types]
<stdin>:100:52: note: expected 'struct bsource_5a0527InstData *' but argument is of type 'char *'
<stdin>: In function 'bsource_5a0527_TranFuncLoad':
<stdin>:427:68: warning: passing argument 2 of 'bsource_5a0527_userFn_esp_val_if_000' from incompatible pointer type [-Wincompatible-pointer-types]
<stdin>:100:52: note: expected 'struct bsource_5a0527InstData *' but argument is of type 'char *'
<stdin>: In function 'bsource_5a0527_OpPointCalc':
<stdin>:495:68: warning: passing argument 2 of 'bsource_5a0527_userFn_esp_val_if_000' from incompatible pointer type [-Wincompatible-pointer-types]
<stdin>:100:52: note: expected 'struct bsource_5a0527InstData *' but argument is of type 'char *'
<stdin>:525:68: warning: passing argument 2 of 'bsource_5a0527_userFn_esp_val_if_000' from incompatible pointer type [-Wincompatible-pointer-types]
<stdin>:100:52: note: expected 'struct bsource_5a0527InstData *' but argument is of type 'char *'
<stdin>: In function 'bsource_5a0527_pGetInstanceParams':
<stdin>:1329:1603: warning: implicit declaration of function 'devGetInstKnotStatus' [-Wimplicit-function-declaration]
<stdin>: In function 'bsource_5a0527_pDC_Load':
<stdin>:1346:2986: warning: passing argument 1 of 'aslDevFillZeorDiagonalElemet' makes pointer from integer without a cast [-Wint-conversion]
In file included from <stdin>:24:0:
/esat/micas-data/software/Cadence/xcelium_19.03/tools.lnx86/spectre/ahdlcmi/include/ahdlDevLibGlobal.h:2685:33: note: expected 'void *' but argument is of type 'long int'
 ASL_FUNC_DECL_START extern void aslDevFillZeorDiagonalElemet( void *, int, unsigned int, struct ahdlFuncModeParam * );
                                 ^~~~~~~~~~~~~~~~~~~~~~~~~~~~
<stdin>: In function 'bsource_5a0527_pCompare':
<stdin>:1385:959: warning: implicit declaration of function 'spReplaceMatrixPointer' [-Wimplicit-function-declaration]
<stdin>:1385:1337: warning: assignment makes integer from pointer without a cast [-Wint-conversion]
<stdin>:1385:1416: warning: passing argument 1 of 'memcpy' makes pointer from integer without a cast [-Wint-conversion]
In file included from /esat/micas-data/software/Cadence/xcelium_19.03/tools.lnx86/spectre/ahdlcmi/include/ahdlPiCmi.h:5:0,
                 from /esat/micas-data/software/Cadence/xcelium_19.03/tools.lnx86/spectre/ahdlcmi/include/ahdlDevLibGlobal.h:83,
                 from <stdin>:24:
/usr/include/string.h:42:14: note: expected 'void * restrict' but argument is of type 'long int'
 extern void *memcpy (void *__restrict __dest, const void *__restrict __src,
              ^~~~~~
<stdin>:1385:1450: warning: passing argument 2 of 'memcpy' makes pointer from integer without a cast [-Wint-conversion]
In file included from /esat/micas-data/software/Cadence/xcelium_19.03/tools.lnx86/spectre/ahdlcmi/include/ahdlPiCmi.h:5:0,
                 from /esat/micas-data/software/Cadence/xcelium_19.03/tools.lnx86/spectre/ahdlcmi/include/ahdlDevLibGlobal.h:83,
                 from <stdin>:24:
/usr/include/string.h:42:14: note: expected 'const void * restrict' but argument is of type 'long int'
 extern void *memcpy (void *__restrict __dest, const void *__restrict __src,
              ^~~~~~
<stdin>:1385:1574: warning: assignment makes integer from pointer without a cast [-Wint-conversion]
<stdin>: In function 'bsource_5a0527_pGetMatrixPointers':
<stdin>:1391:2411: warning: assignment makes integer from pointer without a cast [-Wint-conversion]
<stdin>: In function 'bsource_5a0527_pAnalTranLoad':
<stdin>:1428:3937: warning: passing argument 1 of 'aslDevFillZeorDiagonalElemet' makes pointer from integer without a cast [-Wint-conversion]
In file included from <stdin>:24:0:
/esat/micas-data/software/Cadence/xcelium_19.03/tools.lnx86/spectre/ahdlcmi/include/ahdlDevLibGlobal.h:2685:33: note: expected 'void *' but argument is of type 'long int'
 ASL_FUNC_DECL_START extern void aslDevFillZeorDiagonalElemet( void *, int, unsigned int, struct ahdlFuncModeParam * );
                                 ^~~~~~~~~~~~~~~~~~~~~~~~~~~~
<stdin>: In function 'bsource_5a0527_pSaveRestart':
<stdin>:1454:1961: warning: implicit declaration of function 'pklAccessDouble' [-Wimplicit-function-declaration]
<stdin>:1454:2039: warning: passing argument 2 of 'aslDevAvarSR' from incompatible pointer type [-Wincompatible-pointer-types]
In file included from <stdin>:24:0:
/esat/micas-data/software/Cadence/xcelium_19.03/tools.lnx86/spectre/ahdlcmi/include/ahdlDevLibGlobal.h:1218:39: note: expected 'struct ahdlAnalogVar *' but argument is of type 'char *'
 ASL_FUNC_DECL_START extern PklError_e aslDevAvarSR( int, struct ahdlAnalogVar *, char *, char *, char *, PklJar_t * );
                                       ^~~~~~~~~~~~
<stdin>: In function 'bsource_5a0527_pSaveRestartInst':
<stdin>:1457:1955: warning: passing argument 2 of 'aslDevAvarSR' from incompatible pointer type [-Wincompatible-pointer-types]
In file included from <stdin>:24:0:
/esat/micas-data/software/Cadence/xcelium_19.03/tools.lnx86/spectre/ahdlcmi/include/ahdlDevLibGlobal.h:1218:39: note: expected 'struct ahdlAnalogVar *' but argument is of type 'char *'
 ASL_FUNC_DECL_START extern PklError_e aslDevAvarSR( int, struct ahdlAnalogVar *, char *, char *, char *, PklJar_t * );
                                       ^~~~~~~~~~~~
<stdin>: In function 'ahdlbsource_5a0527DescInstall':
<stdin>:1484:1866: warning: implicit declaration of function 'descSetDeviceType' [-Wimplicit-function-declaration]
<stdin>:1484:1994: warning: implicit declaration of function 'descSetSetContrInfoPtr' [-Wimplicit-function-declaration]
<stdin>:1484:2389: warning: implicit declaration of function 'descSetCopySignals' [-Wimplicit-function-declaration]
<stdin>:1484:4092: warning: implicit declaration of function 'descSetGetNodeNamesForBranch' [-Wimplicit-function-declaration]
rm -f -rf bsource_5a0527.c
/esat/micas-data/software/Cadence/xcelium_19.03/tools.lnx86/cdsgcc/gcc/6.3/bin/gcc -shared -O3 -m64 -fPIC -o obj/optimize/5.0/libahdlcmi_bsource_5a0527.so ./obj/optimize/5.0/bsource_5a0527.o  -Wl,-rpath,/usr/lib -Wl,-rpath,/lib -s 
rm -f -f ./obj/optimize/5.0/bsource_5a0527.o 
