Command line:
    spectre ./amsSim.scs +config  \
        /esat/micas-data/software/Cadence/xcelium_19.03/tools.lnx86/spectre/etc/configs/ams.cfg  \
        -ahdllibdir xcelium.d/AMSD/ahdlSimDB +ms ++aps=liberal
After pLogFile
After install log
End disable stdout
Reading file:  /users/students/r0761743/Eagle/Simvision/Tutorial
        Files/Analog_example_circuit_blank/amsSim.scs

Notice from spectre during circuit read-in.
    Configuration file used:
        `/esat/micas-data/software/Cadence/xcelium_19.03/tools.lnx86/spectre/etc/configs/ams.cfg'.

Reading file:  /users/students/r0761743/Eagle/Simvision/Tutorial
        Files/Analog_example_circuit_blank/xcelium.d/AMSD/ams_spice_in/generated_skeleton_amscb.skl_vams
Reading file: 
        /esat/micas-data/software/Cadence/xcelium_19.03/tools.lnx86/spectre/etc/configs/mapsubckt.cfg
Reading file: 
        /esat/micas-data/software/Cadence/xcelium_19.03/tools.lnx86/spectre/etc/configs/spectre.cfg
Reading file:  /users/students/r0761743/Eagle/Simvision/Tutorial
        Files/Analog_example_circuit_blank/ANALOG_NETWORK.spi
Reading file: 
        /esat/micas-data/software/Cadence/xcelium_19.03/tools.lnx86/spectre/etc/configs/ms,ms#2.cfg
Reading file: 
        /esat/micas-data/software/Cadence/xcelium_19.03/tools.lnx86/spectre/etc/configs/ms,ms.cfg


Reading file: 
        /esat/micas-data/software/Cadence/xcelium_19.03/tools.lnx86/spectre/etc/configs/ams.cfg
Time for NDB Parsing: CPU = 152.623 ms, elapsed = 224.49 ms.
Time accumulated: CPU = 159.309 ms, elapsed = 224.495 ms.
Peak resident memory used = 73.6 Mbytes.

xcelium> TOOL:	xrun(64)	19.03-s013: Exiting on Nov 18, 2020 at 15:06:51 CET  (total: 00:01:08)
Command line:
    spectre ./amsSim.scs +config  \
        /esat/micas-data/software/Cadence/xcelium_19.03/tools.lnx86/spectre/etc/configs/ams.cfg  \
        -ahdllibdir xcelium.d/AMSD/ahdlSimDB +ms ++aps=liberal
After pLogFile
After install log
End disable stdout
Reading file:  /users/students/r0761743/Eagle/Simvision/Demod/amsSim.scs

Notice from spectre during circuit read-in.
    Configuration file used:
        `/esat/micas-data/software/Cadence/xcelium_19.03/tools.lnx86/spectre/etc/configs/ams.cfg'.

Reading file: 
        /users/students/r0761743/Eagle/Simvision/Demod/xcelium.d/AMSD/ams_spice_in/generated_skeleton_amscb.skl_vams
Reading file: 
        /esat/micas-data/software/Cadence/xcelium_19.03/tools.lnx86/spectre/etc/configs/mapsubckt.cfg
Reading file: 
        /esat/micas-data/software/Cadence/xcelium_19.03/tools.lnx86/spectre/etc/configs/spectre.cfg
Reading file: 
        /users/students/r0761743/Eagle/Simvision/Demod/ANALOG_NETWORK.spi
Reading file:  /users/students/r0761743/Eagle/Simvision/Demod/DI_BAV5004LP.spi
Reading file:  /users/students/r0761743/Eagle/Simvision/Demod/IR2110.spi
Reading file: 
        /users/students/r0761743/Eagle/Simvision/Demod/irfs_sl7440pbf.spi
Reading file:  /users/students/r0761743/Eagle/Simvision/Demod/1N5408.spi
Reading file: 
        /esat/micas-data/software/Cadence/xcelium_19.03/tools.lnx86/spectre/etc/configs/ms,ms#2.cfg
Reading file: 
        /esat/micas-data/software/Cadence/xcelium_19.03/tools.lnx86/spectre/etc/configs/ms,ms.cfg


Reading file: 
        /esat/micas-data/software/Cadence/xcelium_19.03/tools.lnx86/spectre/etc/configs/ams.cfg
Time for NDB Parsing: CPU = 161.42 ms, elapsed = 224.674 ms.
Time accumulated: CPU = 167.721 ms, elapsed = 224.678 ms.
Peak resident memory used = 75.6 Mbytes.

xcelium> TOOL:	xrun(64)	19.03-s013: Exiting on Nov 23, 2020 at 21:23:46 CET  (total: 00:00:20)
Command line:
    spectre ./amsSim.scs +config  \
        /esat/micas-data/software/Cadence/xcelium_19.03/tools.lnx86/spectre/etc/configs/ams.cfg  \
        -ahdllibdir xcelium.d/AMSD/ahdlSimDB +ms ++aps=liberal
After pLogFile
After install log
End disable stdout
Reading file:  /users/students/r0761743/Eagle/Simvision/Demod/amsSim.scs

Notice from spectre during circuit read-in.
    Configuration file used:
        `/esat/micas-data/software/Cadence/xcelium_19.03/tools.lnx86/spectre/etc/configs/ams.cfg'.

Reading file: 
        /users/students/r0761743/Eagle/Simvision/Demod/xcelium.d/AMSD/ams_spice_in/generated_skeleton_amscb.skl_vams
Reading file: 
        /esat/micas-data/software/Cadence/xcelium_19.03/tools.lnx86/spectre/etc/configs/mapsubckt.cfg
Reading file: 
        /esat/micas-data/software/Cadence/xcelium_19.03/tools.lnx86/spectre/etc/configs/spectre.cfg
Reading file: 
        /users/students/r0761743/Eagle/Simvision/Demod/ANALOG_NETWORK.spi
Reading file:  /users/students/r0761743/Eagle/Simvision/Demod/DI_BAV5004LP.spi
Reading file:  /users/students/r0761743/Eagle/Simvision/Demod/IR2110.spi
Reading file: 
        /users/students/r0761743/Eagle/Simvision/Demod/irfs_sl7440pbf.spi
Reading file:  /users/students/r0761743/Eagle/Simvision/Demod/1N5408.spi
Reading file: 
        /esat/micas-data/software/Cadence/xcelium_19.03/tools.lnx86/spectre/etc/configs/ms,ms#2.cfg
Reading file: 
        /esat/micas-data/software/Cadence/xcelium_19.03/tools.lnx86/spectre/etc/configs/ms,ms.cfg


Reading file: 
        /esat/micas-data/software/Cadence/xcelium_19.03/tools.lnx86/spectre/etc/configs/ams.cfg
Time for NDB Parsing: CPU = 168.865 ms, elapsed = 234.106 ms.
Time accumulated: CPU = 176.065 ms, elapsed = 234.112 ms.
Peak resident memory used = 75.8 Mbytes.

xcelium> TOOL:	xrun(64)	19.03-s013: Exiting on Nov 23, 2020 at 21:24:59 CET  (total: 00:00:09)
Command line:
    spectre ./amsSim.scs +config  \
        /esat/micas-data/software/Cadence/xcelium_19.03/tools.lnx86/spectre/etc/configs/ams.cfg  \
        -ahdllibdir xcelium.d/AMSD/ahdlSimDB +ms ++aps=liberal
After pLogFile
After install log
End disable stdout
Reading file:  /users/students/r0761743/Eagle/Simvision/Demod/amsSim.scs

Notice from spectre during circuit read-in.
    Configuration file used:
        `/esat/micas-data/software/Cadence/xcelium_19.03/tools.lnx86/spectre/etc/configs/ams.cfg'.

Reading file: 
        /users/students/r0761743/Eagle/Simvision/Demod/xcelium.d/AMSD/ams_spice_in/generated_skeleton_amscb.skl_vams
Reading file: 
        /esat/micas-data/software/Cadence/xcelium_19.03/tools.lnx86/spectre/etc/configs/mapsubckt.cfg
Reading file: 
        /esat/micas-data/software/Cadence/xcelium_19.03/tools.lnx86/spectre/etc/configs/spectre.cfg
Reading file: 
        /users/students/r0761743/Eagle/Simvision/Demod/ANALOG_NETWORK.spi
Reading file:  /users/students/r0761743/Eagle/Simvision/Demod/DI_BAV5004LP.spi
Reading file:  /users/students/r0761743/Eagle/Simvision/Demod/IR2110.spi
Reading file: 
        /users/students/r0761743/Eagle/Simvision/Demod/irfs_sl7440pbf.spi
Reading file:  /users/students/r0761743/Eagle/Simvision/Demod/1N5408.spi
Reading file: 
        /esat/micas-data/software/Cadence/xcelium_19.03/tools.lnx86/spectre/etc/configs/ms,ms#2.cfg
Reading file: 
        /esat/micas-data/software/Cadence/xcelium_19.03/tools.lnx86/spectre/etc/configs/ms,ms.cfg


Reading file: 
        /esat/micas-data/software/Cadence/xcelium_19.03/tools.lnx86/spectre/etc/configs/ams.cfg
Time for NDB Parsing: CPU = 156.421 ms, elapsed = 221.493 ms.
Time accumulated: CPU = 162.582 ms, elapsed = 221.498 ms.
Peak resident memory used = 75.8 Mbytes.

xcelium> TOOL:	xrun(64)	19.03-s013: Exiting on Nov 23, 2020 at 21:30:19 CET  (total: 00:00:11)
Command line:
    spectre ./amsSim.scs +config  \
        /esat/micas-data/software/Cadence/xcelium_19.03/tools.lnx86/spectre/etc/configs/ams.cfg  \
        -ahdllibdir xcelium.d/AMSD/ahdlSimDB +ms ++aps=liberal
After pLogFile
After install log
End disable stdout
Reading file:  /users/students/r0761743/Eagle/Simvision/Demod/amsSim.scs

Notice from spectre during circuit read-in.
    Configuration file used:
        `/esat/micas-data/software/Cadence/xcelium_19.03/tools.lnx86/spectre/etc/configs/ams.cfg'.

Reading file: 
        /users/students/r0761743/Eagle/Simvision/Demod/xcelium.d/AMSD/ams_spice_in/generated_skeleton_amscb.skl_vams
Reading file: 
        /esat/micas-data/software/Cadence/xcelium_19.03/tools.lnx86/spectre/etc/configs/mapsubckt.cfg
Reading file: 
        /esat/micas-data/software/Cadence/xcelium_19.03/tools.lnx86/spectre/etc/configs/spectre.cfg
Reading file: 
        /users/students/r0761743/Eagle/Simvision/Demod/ANALOG_NETWORK.spi
Reading file:  /users/students/r0761743/Eagle/Simvision/Demod/DI_BAV5004LP.spi
Reading file:  /users/students/r0761743/Eagle/Simvision/Demod/IR2110.spi
Reading file: 
        /users/students/r0761743/Eagle/Simvision/Demod/irfs_sl7440pbf.spi
Reading file:  /users/students/r0761743/Eagle/Simvision/Demod/1N5408.spi
Reading file: 
        /esat/micas-data/software/Cadence/xcelium_19.03/tools.lnx86/spectre/etc/configs/ms,ms#2.cfg
Reading file: 
        /esat/micas-data/software/Cadence/xcelium_19.03/tools.lnx86/spectre/etc/configs/ms,ms.cfg


Reading file: 
        /esat/micas-data/software/Cadence/xcelium_19.03/tools.lnx86/spectre/etc/configs/ams.cfg
Time for NDB Parsing: CPU = 158.646 ms, elapsed = 222.345 ms.
Time accumulated: CPU = 164.642 ms, elapsed = 222.35 ms.
Peak resident memory used = 75.9 Mbytes.

xcelium> TOOL:	xrun(64)	19.03-s013: Exiting on Nov 23, 2020 at 21:33:20 CET  (total: 00:00:12)
Command line:
    spectre ./amsSim.scs +config  \
        /esat/micas-data/software/Cadence/xcelium_19.03/tools.lnx86/spectre/etc/configs/ams.cfg  \
        -ahdllibdir xcelium.d/AMSD/ahdlSimDB +ms ++aps=liberal
After pLogFile
After install log
End disable stdout
Reading file:  /users/students/r0761743/Eagle/Simvision/Demod/amsSim.scs

Notice from spectre during circuit read-in.
    Configuration file used:
        `/esat/micas-data/software/Cadence/xcelium_19.03/tools.lnx86/spectre/etc/configs/ams.cfg'.

Reading file: 
        /users/students/r0761743/Eagle/Simvision/Demod/xcelium.d/AMSD/ams_spice_in/generated_skeleton_amscb.skl_vams
Reading file: 
        /esat/micas-data/software/Cadence/xcelium_19.03/tools.lnx86/spectre/etc/configs/mapsubckt.cfg
Reading file: 
        /esat/micas-data/software/Cadence/xcelium_19.03/tools.lnx86/spectre/etc/configs/spectre.cfg
Reading file: 
        /users/students/r0761743/Eagle/Simvision/Demod/ANALOG_NETWORK.spi
Reading file:  /users/students/r0761743/Eagle/Simvision/Demod/DI_BAV5004LP.spi
Reading file:  /users/students/r0761743/Eagle/Simvision/Demod/IR2110.spi
Reading file: 
        /users/students/r0761743/Eagle/Simvision/Demod/irfs_sl7440pbf.spi
Reading file:  /users/students/r0761743/Eagle/Simvision/Demod/1N5408.spi
Reading file: 
        /esat/micas-data/software/Cadence/xcelium_19.03/tools.lnx86/spectre/etc/configs/ms,ms#2.cfg
Reading file: 
        /esat/micas-data/software/Cadence/xcelium_19.03/tools.lnx86/spectre/etc/configs/ms,ms.cfg


Reading file: 
        /esat/micas-data/software/Cadence/xcelium_19.03/tools.lnx86/spectre/etc/configs/ams.cfg
Time for NDB Parsing: CPU = 157.177 ms, elapsed = 218.657 ms.
Time accumulated: CPU = 163.336 ms, elapsed = 218.661 ms.
Peak resident memory used = 75.9 Mbytes.

xcelium> TOOL:	xrun(64)	19.03-s013: Exiting on Nov 23, 2020 at 22:24:35 CET  (total: 00:00:11)
Command line:
    spectre ./amsSim.scs +config  \
        /esat/micas-data/software/Cadence/xcelium_19.03/tools.lnx86/spectre/etc/configs/ams.cfg  \
        -ahdllibdir xcelium.d/AMSD/ahdlSimDB +ms ++aps=liberal
After pLogFile
After install log
End disable stdout
Reading file:  /users/students/r0761743/Eagle/Simvision/Demod/amsSim.scs

Notice from spectre during circuit read-in.
    Configuration file used:
        `/esat/micas-data/software/Cadence/xcelium_19.03/tools.lnx86/spectre/etc/configs/ams.cfg'.

Reading file: 
        /users/students/r0761743/Eagle/Simvision/Demod/xcelium.d/AMSD/ams_spice_in/generated_skeleton_amscb.skl_vams
Reading file: 
        /esat/micas-data/software/Cadence/xcelium_19.03/tools.lnx86/spectre/etc/configs/mapsubckt.cfg
Reading file: 
        /esat/micas-data/software/Cadence/xcelium_19.03/tools.lnx86/spectre/etc/configs/spectre.cfg
Reading file: 
        /users/students/r0761743/Eagle/Simvision/Demod/ANALOG_NETWORK.spi
Reading file:  /users/students/r0761743/Eagle/Simvision/Demod/DI_BAV5004LP.spi
Reading file:  /users/students/r0761743/Eagle/Simvision/Demod/IR2110.spi
Reading file: 
        /users/students/r0761743/Eagle/Simvision/Demod/irfs_sl7440pbf.spi
Reading file:  /users/students/r0761743/Eagle/Simvision/Demod/1N5408.spi
Reading file: 
        /esat/micas-data/software/Cadence/xcelium_19.03/tools.lnx86/spectre/etc/configs/ms,ms#2.cfg
Reading file: 
        /esat/micas-data/software/Cadence/xcelium_19.03/tools.lnx86/spectre/etc/configs/ms,ms.cfg


Reading file: 
        /esat/micas-data/software/Cadence/xcelium_19.03/tools.lnx86/spectre/etc/configs/ams.cfg
Time for NDB Parsing: CPU = 185.316 ms, elapsed = 261.323 ms.
Time accumulated: CPU = 191.361 ms, elapsed = 261.328 ms.
Peak resident memory used = 75.5 Mbytes.

xcelium> TOOL:	xrun(64)	19.03-s013: Exiting on Nov 23, 2020 at 22:26:53 CET  (total: 00:00:24)
Command line:
    spectre ./amsSim.scs +config  \
        /esat/micas-data/software/Cadence/xcelium_19.03/tools.lnx86/spectre/etc/configs/ams.cfg  \
        -ahdllibdir xcelium.d/AMSD/ahdlSimDB +ms ++aps=liberal
After pLogFile
After install log
End disable stdout
Reading file:  /users/students/r0761743/Eagle/Simvision/Demod/amsSim.scs

Notice from spectre during circuit read-in.
    Configuration file used:
        `/esat/micas-data/software/Cadence/xcelium_19.03/tools.lnx86/spectre/etc/configs/ams.cfg'.

Reading file: 
        /users/students/r0761743/Eagle/Simvision/Demod/xcelium.d/AMSD/ams_spice_in/generated_skeleton_amscb.skl_vams
Reading file: 
        /esat/micas-data/software/Cadence/xcelium_19.03/tools.lnx86/spectre/etc/configs/mapsubckt.cfg
Reading file: 
        /esat/micas-data/software/Cadence/xcelium_19.03/tools.lnx86/spectre/etc/configs/spectre.cfg
Reading file: 
        /users/students/r0761743/Eagle/Simvision/Demod/ANALOG_NETWORK.spi
Reading file:  /users/students/r0761743/Eagle/Simvision/Demod/DI_BAV5004LP.spi
Reading file:  /users/students/r0761743/Eagle/Simvision/Demod/IR2110.spi
Reading file: 
        /users/students/r0761743/Eagle/Simvision/Demod/irfs_sl7440pbf.spi
Reading file:  /users/students/r0761743/Eagle/Simvision/Demod/1N5408.spi
Reading file: 
        /esat/micas-data/software/Cadence/xcelium_19.03/tools.lnx86/spectre/etc/configs/ms,ms#2.cfg
Reading file: 
        /esat/micas-data/software/Cadence/xcelium_19.03/tools.lnx86/spectre/etc/configs/ms,ms.cfg


Reading file: 
        /esat/micas-data/software/Cadence/xcelium_19.03/tools.lnx86/spectre/etc/configs/ams.cfg
Time for NDB Parsing: CPU = 160.649 ms, elapsed = 226.911 ms.
Time accumulated: CPU = 166.361 ms, elapsed = 226.915 ms.
Peak resident memory used = 75.6 Mbytes.

xcelium> TOOL:	xrun(64)	19.03-s013: Exiting on Nov 23, 2020 at 22:35:22 CET  (total: 00:00:38)
Command line:
    spectre ./amsSim.scs +config  \
        /esat/micas-data/software/Cadence/xcelium_19.03/tools.lnx86/spectre/etc/configs/ams.cfg  \
        -ahdllibdir xcelium.d/AMSD/ahdlSimDB +ms ++aps=liberal
After pLogFile
After install log
End disable stdout
Reading file:  /users/students/r0761743/Eagle/Simvision/Demod/amsSim.scs

Notice from spectre during circuit read-in.
    Configuration file used:
        `/esat/micas-data/software/Cadence/xcelium_19.03/tools.lnx86/spectre/etc/configs/ams.cfg'.

Reading file: 
        /users/students/r0761743/Eagle/Simvision/Demod/xcelium.d/AMSD/ams_spice_in/generated_skeleton_amscb.skl_vams
Reading file: 
        /esat/micas-data/software/Cadence/xcelium_19.03/tools.lnx86/spectre/etc/configs/mapsubckt.cfg
Reading file: 
        /esat/micas-data/software/Cadence/xcelium_19.03/tools.lnx86/spectre/etc/configs/spectre.cfg
Reading file: 
        /users/students/r0761743/Eagle/Simvision/Demod/ANALOG_NETWORK.spi
Reading file:  /users/students/r0761743/Eagle/Simvision/Demod/DI_BAV5004LP.spi
Reading file:  /users/students/r0761743/Eagle/Simvision/Demod/IR2110.spi
Reading file: 
        /users/students/r0761743/Eagle/Simvision/Demod/irfs_sl7440pbf.spi
Reading file:  /users/students/r0761743/Eagle/Simvision/Demod/1N5408.spi
Reading file: 
        /esat/micas-data/software/Cadence/xcelium_19.03/tools.lnx86/spectre/etc/configs/ms,ms#2.cfg
Reading file: 
        /esat/micas-data/software/Cadence/xcelium_19.03/tools.lnx86/spectre/etc/configs/ms,ms.cfg


Reading file: 
        /esat/micas-data/software/Cadence/xcelium_19.03/tools.lnx86/spectre/etc/configs/ams.cfg
Time for NDB Parsing: CPU = 157.976 ms, elapsed = 220.96 ms.
Time accumulated: CPU = 164.398 ms, elapsed = 220.964 ms.
Peak resident memory used = 75.6 Mbytes.

xcelium> TOOL:	xrun(64)	19.03-s013: Exiting on Nov 23, 2020 at 22:37:02 CET  (total: 00:00:09)
Command line:
    spectre ./amsSim.scs +config  \
        /esat/micas-data/software/Cadence/xcelium_19.03/tools.lnx86/spectre/etc/configs/ams.cfg  \
        -ahdllibdir xcelium.d/AMSD/ahdlSimDB +ms ++aps=liberal
After pLogFile
After install log
End disable stdout
Reading file:  /users/students/r0761743/Eagle/Simvision/Demod/amsSim.scs

Notice from spectre during circuit read-in.
    Configuration file used:
        `/esat/micas-data/software/Cadence/xcelium_19.03/tools.lnx86/spectre/etc/configs/ams.cfg'.

Reading file: 
        /users/students/r0761743/Eagle/Simvision/Demod/xcelium.d/AMSD/ams_spice_in/generated_skeleton_amscb.skl_vams
Reading file: 
        /esat/micas-data/software/Cadence/xcelium_19.03/tools.lnx86/spectre/etc/configs/mapsubckt.cfg
Reading file: 
        /esat/micas-data/software/Cadence/xcelium_19.03/tools.lnx86/spectre/etc/configs/spectre.cfg
Reading file: 
        /users/students/r0761743/Eagle/Simvision/Demod/ANALOG_NETWORK.spi
Reading file:  /users/students/r0761743/Eagle/Simvision/Demod/DI_BAV5004LP.spi
Reading file:  /users/students/r0761743/Eagle/Simvision/Demod/IR2110.spi
Reading file: 
        /users/students/r0761743/Eagle/Simvision/Demod/irfs_sl7440pbf.spi
Reading file:  /users/students/r0761743/Eagle/Simvision/Demod/1N5408.spi
Reading file: 
        /esat/micas-data/software/Cadence/xcelium_19.03/tools.lnx86/spectre/etc/configs/ms,ms#2.cfg
Reading file: 
        /esat/micas-data/software/Cadence/xcelium_19.03/tools.lnx86/spectre/etc/configs/ms,ms.cfg


Reading file: 
        /esat/micas-data/software/Cadence/xcelium_19.03/tools.lnx86/spectre/etc/configs/ams.cfg
Time for NDB Parsing: CPU = 153.205 ms, elapsed = 215.168 ms.
Time accumulated: CPU = 160.294 ms, elapsed = 215.172 ms.
Peak resident memory used = 75.6 Mbytes.

xcelium> TOOL:	xrun(64)	19.03-s013: Exiting on Nov 23, 2020 at 22:50:15 CET  (total: 00:00:10)
Command line:
    spectre ./amsSim.scs +config  \
        /esat/micas-data/software/Cadence/xcelium_19.03/tools.lnx86/spectre/etc/configs/ams.cfg  \
        -ahdllibdir xcelium.d/AMSD/ahdlSimDB +ms ++aps=liberal
After pLogFile
After install log
End disable stdout
Reading file:  /users/students/r0761743/Eagle/Simvision/Demod/amsSim.scs

Notice from spectre during circuit read-in.
    Configuration file used:
        `/esat/micas-data/software/Cadence/xcelium_19.03/tools.lnx86/spectre/etc/configs/ams.cfg'.

Reading file: 
        /users/students/r0761743/Eagle/Simvision/Demod/xcelium.d/AMSD/ams_spice_in/generated_skeleton_amscb.skl_vams
Reading file: 
        /esat/micas-data/software/Cadence/xcelium_19.03/tools.lnx86/spectre/etc/configs/mapsubckt.cfg
Reading file: 
        /esat/micas-data/software/Cadence/xcelium_19.03/tools.lnx86/spectre/etc/configs/spectre.cfg
Reading file: 
        /users/students/r0761743/Eagle/Simvision/Demod/ANALOG_NETWORK.spi
Reading file:  /users/students/r0761743/Eagle/Simvision/Demod/DI_BAV5004LP.spi
Reading file:  /users/students/r0761743/Eagle/Simvision/Demod/IR2110.spi
Reading file: 
        /users/students/r0761743/Eagle/Simvision/Demod/irfs_sl7440pbf.spi
Reading file:  /users/students/r0761743/Eagle/Simvision/Demod/1N5408.spi
Reading file: 
        /esat/micas-data/software/Cadence/xcelium_19.03/tools.lnx86/spectre/etc/configs/ms,ms#2.cfg
Reading file: 
        /esat/micas-data/software/Cadence/xcelium_19.03/tools.lnx86/spectre/etc/configs/ms,ms.cfg


Reading file: 
        /esat/micas-data/software/Cadence/xcelium_19.03/tools.lnx86/spectre/etc/configs/ams.cfg
Time for NDB Parsing: CPU = 169.999 ms, elapsed = 230.371 ms.
Time accumulated: CPU = 181.527 ms, elapsed = 230.376 ms.
Peak resident memory used = 75.6 Mbytes.

xcelium> TOOL:	xrun(64)	19.03-s013: Exiting on Nov 24, 2020 at 09:17:25 CET  (total: 00:00:19)
Command line:
    spectre ./amsSim.scs +config  \
        /esat/micas-data/software/Cadence/xcelium_19.03/tools.lnx86/spectre/etc/configs/ams.cfg  \
        -ahdllibdir xcelium.d/AMSD/ahdlSimDB +ms ++aps=liberal
After pLogFile
After install log
End disable stdout
Reading file:  /users/students/r0761743/Eagle/Simvision/Demod/amsSim.scs

Notice from spectre during circuit read-in.
    Configuration file used:
        `/esat/micas-data/software/Cadence/xcelium_19.03/tools.lnx86/spectre/etc/configs/ams.cfg'.

Reading file: 
        /users/students/r0761743/Eagle/Simvision/Demod/xcelium.d/AMSD/ams_spice_in/generated_skeleton_amscb.skl_vams
Reading file: 
        /esat/micas-data/software/Cadence/xcelium_19.03/tools.lnx86/spectre/etc/configs/mapsubckt.cfg
Reading file: 
        /esat/micas-data/software/Cadence/xcelium_19.03/tools.lnx86/spectre/etc/configs/spectre.cfg
Reading file: 
        /users/students/r0761743/Eagle/Simvision/Demod/ANALOG_NETWORK.spi
Reading file:  /users/students/r0761743/Eagle/Simvision/Demod/DI_BAV5004LP.spi
Reading file:  /users/students/r0761743/Eagle/Simvision/Demod/IR2110.spi
Reading file: 
        /users/students/r0761743/Eagle/Simvision/Demod/irfs_sl7440pbf.spi
Reading file:  /users/students/r0761743/Eagle/Simvision/Demod/1N5408.spi
Reading file: 
        /esat/micas-data/software/Cadence/xcelium_19.03/tools.lnx86/spectre/etc/configs/ms,ms#2.cfg
Reading file: 
        /esat/micas-data/software/Cadence/xcelium_19.03/tools.lnx86/spectre/etc/configs/ms,ms.cfg


Reading file: 
        /esat/micas-data/software/Cadence/xcelium_19.03/tools.lnx86/spectre/etc/configs/ams.cfg
Time for NDB Parsing: CPU = 154.04 ms, elapsed = 222.932 ms.
Time accumulated: CPU = 160.093 ms, elapsed = 222.937 ms.
Peak resident memory used = 75.6 Mbytes.

xcelium> TOOL:	xrun(64)	19.03-s013: Exiting on Nov 24, 2020 at 11:01:26 CET  (total: 00:00:11)
Command line:
    spectre ./amsSim.scs +config  \
        /esat/micas-data/software/Cadence/xcelium_19.03/tools.lnx86/spectre/etc/configs/ams.cfg  \
        -ahdllibdir xcelium.d/AMSD/ahdlSimDB +ms ++aps=liberal
After pLogFile
After install log
End disable stdout
Reading file:  /users/students/r0761743/Eagle/Simvision/Demod/amsSim.scs

Notice from spectre during circuit read-in.
    Configuration file used:
        `/esat/micas-data/software/Cadence/xcelium_19.03/tools.lnx86/spectre/etc/configs/ams.cfg'.

Reading file: 
        /users/students/r0761743/Eagle/Simvision/Demod/xcelium.d/AMSD/ams_spice_in/generated_skeleton_amscb.skl_vams
Reading file: 
        /esat/micas-data/software/Cadence/xcelium_19.03/tools.lnx86/spectre/etc/configs/mapsubckt.cfg
Reading file: 
        /esat/micas-data/software/Cadence/xcelium_19.03/tools.lnx86/spectre/etc/configs/spectre.cfg
Reading file: 
        /users/students/r0761743/Eagle/Simvision/Demod/ANALOG_NETWORK.spi
Reading file:  /users/students/r0761743/Eagle/Simvision/Demod/DI_BAV5004LP.spi
Reading file:  /users/students/r0761743/Eagle/Simvision/Demod/IR2110.spi
Reading file: 
        /users/students/r0761743/Eagle/Simvision/Demod/irfs_sl7440pbf.spi
Reading file:  /users/students/r0761743/Eagle/Simvision/Demod/1N5408.spi
Reading file: 
        /esat/micas-data/software/Cadence/xcelium_19.03/tools.lnx86/spectre/etc/configs/ms,ms#2.cfg
Reading file: 
        /esat/micas-data/software/Cadence/xcelium_19.03/tools.lnx86/spectre/etc/configs/ms,ms.cfg


Reading file: 
        /esat/micas-data/software/Cadence/xcelium_19.03/tools.lnx86/spectre/etc/configs/ams.cfg
Time for NDB Parsing: CPU = 159.973 ms, elapsed = 222.702 ms.
Time accumulated: CPU = 166.514 ms, elapsed = 222.706 ms.
Peak resident memory used = 75.6 Mbytes.

xcelium> TOOL:	xrun(64)	19.03-s013: Exiting on Nov 24, 2020 at 11:18:48 CET  (total: 00:00:11)
Command line:
    spectre ./amsSim.scs +config  \
        /esat/micas-data/software/Cadence/xcelium_19.03/tools.lnx86/spectre/etc/configs/ams.cfg  \
        -ahdllibdir xcelium.d/AMSD/ahdlSimDB +ms ++aps=liberal
After pLogFile
After install log
End disable stdout
Reading file:  /users/students/r0761743/Eagle/Simvision/Demod/amsSim.scs

Notice from spectre during circuit read-in.
    Configuration file used:
        `/esat/micas-data/software/Cadence/xcelium_19.03/tools.lnx86/spectre/etc/configs/ams.cfg'.

Reading file: 
        /users/students/r0761743/Eagle/Simvision/Demod/xcelium.d/AMSD/ams_spice_in/generated_skeleton_amscb.skl_vams
Reading file: 
        /esat/micas-data/software/Cadence/xcelium_19.03/tools.lnx86/spectre/etc/configs/mapsubckt.cfg
Reading file: 
        /esat/micas-data/software/Cadence/xcelium_19.03/tools.lnx86/spectre/etc/configs/spectre.cfg
Reading file: 
        /users/students/r0761743/Eagle/Simvision/Demod/ANALOG_NETWORK.spi
Reading file:  /users/students/r0761743/Eagle/Simvision/Demod/DI_BAV5004LP.spi
Reading file:  /users/students/r0761743/Eagle/Simvision/Demod/IR2110.spi
Reading file: 
        /users/students/r0761743/Eagle/Simvision/Demod/irfs_sl7440pbf.spi
Reading file:  /users/students/r0761743/Eagle/Simvision/Demod/1N5408.spi
Reading file: 
        /esat/micas-data/software/Cadence/xcelium_19.03/tools.lnx86/spectre/etc/configs/ms,ms#2.cfg
Reading file: 
        /esat/micas-data/software/Cadence/xcelium_19.03/tools.lnx86/spectre/etc/configs/ms,ms.cfg


Reading file: 
        /esat/micas-data/software/Cadence/xcelium_19.03/tools.lnx86/spectre/etc/configs/ams.cfg
Time for NDB Parsing: CPU = 154.534 ms, elapsed = 217.57 ms.
Time accumulated: CPU = 160.922 ms, elapsed = 217.575 ms.
Peak resident memory used = 75.8 Mbytes.

xcelium> TOOL:	xrun(64)	19.03-s013: Exiting on Nov 24, 2020 at 11:31:14 CET  (total: 00:00:14)
Command line:
    spectre ./amsSim.scs +config  \
        /esat/micas-data/software/Cadence/xcelium_19.03/tools.lnx86/spectre/etc/configs/ams.cfg  \
        -ahdllibdir xcelium.d/AMSD/ahdlSimDB +ms ++aps=liberal
After pLogFile
After install log
End disable stdout
Reading file:  /users/students/r0761743/Eagle/Simvision/Demod/amsSim.scs

Notice from spectre during circuit read-in.
    Configuration file used:
        `/esat/micas-data/software/Cadence/xcelium_19.03/tools.lnx86/spectre/etc/configs/ams.cfg'.

Reading file: 
        /users/students/r0761743/Eagle/Simvision/Demod/xcelium.d/AMSD/ams_spice_in/generated_skeleton_amscb.skl_vams
Reading file: 
        /esat/micas-data/software/Cadence/xcelium_19.03/tools.lnx86/spectre/etc/configs/mapsubckt.cfg
Reading file: 
        /esat/micas-data/software/Cadence/xcelium_19.03/tools.lnx86/spectre/etc/configs/spectre.cfg
Reading file: 
        /users/students/r0761743/Eagle/Simvision/Demod/ANALOG_NETWORK.spi
Reading file:  /users/students/r0761743/Eagle/Simvision/Demod/DI_BAV5004LP.spi
Reading file:  /users/students/r0761743/Eagle/Simvision/Demod/IR2110.spi
Reading file: 
        /users/students/r0761743/Eagle/Simvision/Demod/irfs_sl7440pbf.spi
Reading file:  /users/students/r0761743/Eagle/Simvision/Demod/1N5408.spi
Reading file: 
        /esat/micas-data/software/Cadence/xcelium_19.03/tools.lnx86/spectre/etc/configs/ms,ms#2.cfg
Reading file: 
        /esat/micas-data/software/Cadence/xcelium_19.03/tools.lnx86/spectre/etc/configs/ms,ms.cfg


Reading file: 
        /esat/micas-data/software/Cadence/xcelium_19.03/tools.lnx86/spectre/etc/configs/ams.cfg
Time for NDB Parsing: CPU = 219.873 ms, elapsed = 806.595 ms.
Time accumulated: CPU = 226.645 ms, elapsed = 806.599 ms.
Peak resident memory used = 75.8 Mbytes.

xcelium> TOOL:	xrun(64)	19.03-s013: Exiting on Nov 24, 2020 at 11:46:05 CET  (total: 00:01:26)
Command line:
    spectre ./amsSim.scs +config  \
        /esat/micas-data/software/Cadence/xcelium_19.03/tools.lnx86/spectre/etc/configs/ams.cfg  \
        -ahdllibdir xcelium.d/AMSD/ahdlSimDB +ms ++aps=liberal
After pLogFile
After install log
End disable stdout
Reading file:  /users/students/r0761743/Eagle/Simvision/Demod/amsSim.scs

Notice from spectre during circuit read-in.
    Configuration file used:
        `/esat/micas-data/software/Cadence/xcelium_19.03/tools.lnx86/spectre/etc/configs/ams.cfg'.

Reading file: 
        /users/students/r0761743/Eagle/Simvision/Demod/xcelium.d/AMSD/ams_spice_in/generated_skeleton_amscb.skl_vams
Reading file: 
        /esat/micas-data/software/Cadence/xcelium_19.03/tools.lnx86/spectre/etc/configs/mapsubckt.cfg
Reading file: 
        /esat/micas-data/software/Cadence/xcelium_19.03/tools.lnx86/spectre/etc/configs/spectre.cfg
Reading file: 
        /users/students/r0761743/Eagle/Simvision/Demod/ANALOG_NETWORK.spi
Reading file:  /users/students/r0761743/Eagle/Simvision/Demod/DI_BAV5004LP.spi
Reading file:  /users/students/r0761743/Eagle/Simvision/Demod/IR2110.spi
Reading file: 
        /users/students/r0761743/Eagle/Simvision/Demod/irfs_sl7440pbf.spi
Reading file:  /users/students/r0761743/Eagle/Simvision/Demod/1N5408.spi
Reading file: 
        /esat/micas-data/software/Cadence/xcelium_19.03/tools.lnx86/spectre/etc/configs/ms,ms#2.cfg
Reading file: 
        /esat/micas-data/software/Cadence/xcelium_19.03/tools.lnx86/spectre/etc/configs/ms,ms.cfg


Reading file: 
        /esat/micas-data/software/Cadence/xcelium_19.03/tools.lnx86/spectre/etc/configs/ams.cfg
Time for NDB Parsing: CPU = 151.284 ms, elapsed = 223.743 ms.
Time accumulated: CPU = 157.692 ms, elapsed = 223.747 ms.
Peak resident memory used = 75.9 Mbytes.

xcelium> TOOL:	xrun(64)	19.03-s013: Exiting on Nov 24, 2020 at 11:46:14 CET  (total: 00:00:10)
Command line:
    spectre ./amsSim.scs +config  \
        /esat/micas-data/software/Cadence/xcelium_19.03/tools.lnx86/spectre/etc/configs/ams.cfg  \
        -ahdllibdir xcelium.d/AMSD/ahdlSimDB +ms ++aps=liberal
After pLogFile
After install log
End disable stdout
Reading file:  /users/students/r0761743/Eagle/Simvision/Demod/amsSim.scs

Notice from spectre during circuit read-in.
    Configuration file used:
        `/esat/micas-data/software/Cadence/xcelium_19.03/tools.lnx86/spectre/etc/configs/ams.cfg'.

Reading file: 
        /users/students/r0761743/Eagle/Simvision/Demod/xcelium.d/AMSD/ams_spice_in/generated_skeleton_amscb.skl_vams
Reading file: 
        /esat/micas-data/software/Cadence/xcelium_19.03/tools.lnx86/spectre/etc/configs/mapsubckt.cfg
Reading file: 
        /esat/micas-data/software/Cadence/xcelium_19.03/tools.lnx86/spectre/etc/configs/spectre.cfg
Reading file: 
        /users/students/r0761743/Eagle/Simvision/Demod/ANALOG_NETWORK.spi
Reading file:  /users/students/r0761743/Eagle/Simvision/Demod/DI_BAV5004LP.spi
Reading file:  /users/students/r0761743/Eagle/Simvision/Demod/IR2110.spi
Reading file: 
        /users/students/r0761743/Eagle/Simvision/Demod/irfs_sl7440pbf.spi
Reading file:  /users/students/r0761743/Eagle/Simvision/Demod/1N5408.spi
Reading file: 
        /esat/micas-data/software/Cadence/xcelium_19.03/tools.lnx86/spectre/etc/configs/ms,ms#2.cfg
Reading file: 
        /esat/micas-data/software/Cadence/xcelium_19.03/tools.lnx86/spectre/etc/configs/ms,ms.cfg


Reading file: 
        /esat/micas-data/software/Cadence/xcelium_19.03/tools.lnx86/spectre/etc/configs/ams.cfg
Time for NDB Parsing: CPU = 157.986 ms, elapsed = 220.547 ms.
Time accumulated: CPU = 163.838 ms, elapsed = 220.551 ms.
Peak resident memory used = 76 Mbytes.

xcelium> TOOL:	xrun(64)	19.03-s013: Exiting on Nov 24, 2020 at 11:47:39 CET  (total: 00:00:10)
