ahdlcmicompile: Compiling ahdlcmi in xcelium.d/AMSD/ahdlSimDB/4682_tools_affirma_ams_etc_connect_lib_E2L_2.vams.connectLib__E2L_2__module__0x10000001_behavioral.ahdlcmi/Linux-64/ for Linux-64 with optimize using gcc on Tue Dec  1 08:53:43 CET 2020 [5.0]
ahdlcmicompile: Generating makefile
PATH:  /esat/micas-data/software/Cadence/xcelium_19.03/tools/bin/64bit:/esat/micas-data/software/Cadence/xcelium_19.03/tools/bin/64bit:/esat/micas-data/software/Cadence/xcelium_19.03/tools/bin/64bit:/esat/micas-data/software/Cadence/xcelium_19.03/tools/bin/64bit:/esat/micas-data/software/Cadence/xcelium_19.03/tools/bin/64bit:/esat/micas-data/software/Cadence/xcelium_19.03/tools/bin/64bit:/esat/micas-data/software/Cadence/xcelium_19.03/tools/bin/64bit:/esat/micas-data/software/Cadence/xcelium_19.03/tools/bin/64bit:/esat/micas-data/software/Cadence/xcelium_19.03/tools/bin/64bit:/usr/lib64/qt-3.3/bin:/usr/lib64/ccache:/usr/local/bin:/usr/bin:/usr/local/sbin:/usr/sbin:/opt/puppetlabs/bin:/freeware/bin/gnu-tools:/freeware/bin:/software/bin:/esat/micas-data/software/Cadence/xcelium_19.03/bin:/esat/micas-data/software/Cadence/xcelium_19.03/tools/bin:/esat/micas-data/software/Cadence/xcelium_19.03/tools/cdsgcc/gcc/bin:/esat/micas-data/software/Cadence/spectre_19.10/bin
LD_LIBRARY_PATH:  /esat/micas-data/software/Cadence/xcelium_19.03/tools/lib/64bit:/esat/micas-data/software/Cadence/xcelium_19.03/tools/lib/64bit/SuSE:/esat/micas-data/software/Cadence/xcelium_19.03/tools/lib/64bit:/esat/micas-data/software/Cadence/xcelium_19.03/tools/lib/64bit/SuSE:/esat/micas-data/software/Cadence/xcelium_19.03/tools/lib/64bit:/esat/micas-data/software/Cadence/xcelium_19.03/tools/lib/64bit/SuSE:/esat/micas-data/software/Cadence/xcelium_19.03/tools/lib/64bit:/esat/micas-data/software/Cadence/xcelium_19.03/tools/lib/64bit/SuSE
/esat/micas-data/software/Cadence/xcelium_19.03/tools.lnx86/spectre/ahdlcmi/bin/gnumake -j18 -f GNUmakefile
Cleaning ./obj/optimize/5.0
rm -f -rf ./obj/optimize/5.0
Compiling C file connectLib__E2L_2__module__0x10000001_behavioral_func.c (optimize)
Compiling C file connectLib__E2L_2__module__0x10000001_behavioral_DcFuncDerLoad.c (optimize)
/esat/micas-data/software/Cadence/xcelium_19.03/tools.lnx86/spectre/ahdlcmi/bin/64bit/ahdlcc 0 /esat/micas-data/software/Cadence/xcelium_19.03/tools.lnx86/cdsgcc/gcc/6.3/bin/gcc  -march=k8 -ffast-math  -fno-unsafe-math-optimizations -O3 -m64 -DSYSV -DSVR4 -D_REENTRANT -fPIC   -DconfigSPECTRE -I. -I/esat/micas-data/software/Cadence/xcelium_19.03/tools.lnx86/spectre/ahdlcmi/include -c connectLib__E2L_2__module__0x10000001_behavioral_func.c -o obj/optimize/5.0/connectLib__E2L_2__module__0x10000001_behavioral_func.o || rm -f -f obj/optimize/5.0/connectLib__E2L_2__module__0x10000001_behavioral_func.o
Compiling C file connectLib__E2L_2__module__0x10000001_behavioral_DcFuncLoad.c (optimize)
/esat/micas-data/software/Cadence/xcelium_19.03/tools.lnx86/spectre/ahdlcmi/bin/64bit/ahdlcc 0 /esat/micas-data/software/Cadence/xcelium_19.03/tools.lnx86/cdsgcc/gcc/6.3/bin/gcc  -march=k8 -ffast-math  -fno-unsafe-math-optimizations -O3 -m64 -DSYSV -DSVR4 -D_REENTRANT -fPIC   -DconfigSPECTRE -I. -I/esat/micas-data/software/Cadence/xcelium_19.03/tools.lnx86/spectre/ahdlcmi/include -c connectLib__E2L_2__module__0x10000001_behavioral_DcFuncDerLoad.c -o obj/optimize/5.0/connectLib__E2L_2__module__0x10000001_behavioral_DcFuncDerLoad.o || rm -f -f obj/optimize/5.0/connectLib__E2L_2__module__0x10000001_behavioral_DcFuncDerLoad.o
Compiling C file connectLib__E2L_2__module__0x10000001_behavioral_TranFuncDerLoad.c (optimize)
/esat/micas-data/software/Cadence/xcelium_19.03/tools.lnx86/spectre/ahdlcmi/bin/64bit/ahdlcc 0 /esat/micas-data/software/Cadence/xcelium_19.03/tools.lnx86/cdsgcc/gcc/6.3/bin/gcc  -march=k8 -ffast-math  -fno-unsafe-math-optimizations -O3 -m64 -DSYSV -DSVR4 -D_REENTRANT -fPIC   -DconfigSPECTRE -I. -I/esat/micas-data/software/Cadence/xcelium_19.03/tools.lnx86/spectre/ahdlcmi/include -c connectLib__E2L_2__module__0x10000001_behavioral_DcFuncLoad.c -o obj/optimize/5.0/connectLib__E2L_2__module__0x10000001_behavioral_DcFuncLoad.o || rm -f -f obj/optimize/5.0/connectLib__E2L_2__module__0x10000001_behavioral_DcFuncLoad.o
/esat/micas-data/software/Cadence/xcelium_19.03/tools.lnx86/spectre/ahdlcmi/bin/64bit/ahdlcc 0 /esat/micas-data/software/Cadence/xcelium_19.03/tools.lnx86/cdsgcc/gcc/6.3/bin/gcc  -march=k8 -ffast-math  -fno-unsafe-math-optimizations -O3 -m64 -DSYSV -DSVR4 -D_REENTRANT -fPIC   -DconfigSPECTRE -I. -I/esat/micas-data/software/Cadence/xcelium_19.03/tools.lnx86/spectre/ahdlcmi/include -c connectLib__E2L_2__module__0x10000001_behavioral_TranFuncDerLoad.c -o obj/optimize/5.0/connectLib__E2L_2__module__0x10000001_behavioral_TranFuncDerLoad.o || rm -f -f obj/optimize/5.0/connectLib__E2L_2__module__0x10000001_behavioral_TranFuncDerLoad.o
Compiling C file connectLib__E2L_2__module__0x10000001_behavioral_TranFuncLoad.c (optimize)
/esat/micas-data/software/Cadence/xcelium_19.03/tools.lnx86/spectre/ahdlcmi/bin/64bit/ahdlcc 0 /esat/micas-data/software/Cadence/xcelium_19.03/tools.lnx86/cdsgcc/gcc/6.3/bin/gcc  -march=k8 -ffast-math  -fno-unsafe-math-optimizations -O3 -m64 -DSYSV -DSVR4 -D_REENTRANT -fPIC   -DconfigSPECTRE -I. -I/esat/micas-data/software/Cadence/xcelium_19.03/tools.lnx86/spectre/ahdlcmi/include -c connectLib__E2L_2__module__0x10000001_behavioral_TranFuncLoad.c -o obj/optimize/5.0/connectLib__E2L_2__module__0x10000001_behavioral_TranFuncLoad.o || rm -f -f obj/optimize/5.0/connectLib__E2L_2__module__0x10000001_behavioral_TranFuncLoad.o
Compiling C file connectLib__E2L_2__module__0x10000001_behavioral_OpPointCalc.c (optimize)
/esat/micas-data/software/Cadence/xcelium_19.03/tools.lnx86/spectre/ahdlcmi/bin/64bit/ahdlcc 0 /esat/micas-data/software/Cadence/xcelium_19.03/tools.lnx86/cdsgcc/gcc/6.3/bin/gcc  -march=k8 -ffast-math  -fno-unsafe-math-optimizations -O3 -m64 -DSYSV -DSVR4 -D_REENTRANT -fPIC   -DconfigSPECTRE -I. -I/esat/micas-data/software/Cadence/xcelium_19.03/tools.lnx86/spectre/ahdlcmi/include -c connectLib__E2L_2__module__0x10000001_behavioral_OpPointCalc.c -o obj/optimize/5.0/connectLib__E2L_2__module__0x10000001_behavioral_OpPointCalc.o || rm -f -f obj/optimize/5.0/connectLib__E2L_2__module__0x10000001_behavioral_OpPointCalc.o
Compiling C file connectLib__E2L_2__module__0x10000001_behavioral_cmi_c.c (optimize)
/esat/micas-data/software/Cadence/xcelium_19.03/tools.lnx86/spectre/ahdlcmi/bin/64bit/ahdlcc 0 /esat/micas-data/software/Cadence/xcelium_19.03/tools.lnx86/cdsgcc/gcc/6.3/bin/gcc  -march=k8 -ffast-math  -fno-unsafe-math-optimizations -O3 -m64 -DSYSV -DSVR4 -D_REENTRANT -fPIC   -DconfigSPECTRE -I. -I/esat/micas-data/software/Cadence/xcelium_19.03/tools.lnx86/spectre/ahdlcmi/include -I/esat/micas-data/software/Cadence/xcelium_19.03/tools.lnx86/cmi/include -c connectLib__E2L_2__module__0x10000001_behavioral_cmi_c.c -o obj/optimize/5.0/connectLib__E2L_2__module__0x10000001_behavioral_cmi_c.o || rm -f -f obj/optimize/5.0/connectLib__E2L_2__module__0x10000001_behavioral_cmi_c.o
<stdin>: In function 'connectLib__E2L_2__module__0x10000001_behavioral_pPrintDescription':
<stdin>:720:268: warning: implicit declaration of function 'msgWrite' [-Wimplicit-function-declaration]
<stdin>:720:370: warning: implicit declaration of function 'devGetRFinFreqDomain' [-Wimplicit-function-declaration]
<stdin>: In function 'connectLib__E2L_2__module__0x10000001_behavioral_pGetInstanceParams':
<stdin>:735:1543: warning: implicit declaration of function 'devGetInstKnotStatus' [-Wimplicit-function-declaration]
<stdin>: In function 'connectLib__E2L_2__module__0x10000001_behavioral_pDC_Load':
<stdin>:752:3252: warning: passing argument 1 of 'aslDevFillZeorDiagonalElemet' makes pointer from integer without a cast [-Wint-conversion]
In file included from <stdin>:24:0:
/esat/micas-data/software/Cadence/xcelium_19.03/tools.lnx86/spectre/ahdlcmi/include/ahdlDevLibGlobal.h:2685:33: note: expected 'void *' but argument is of type 'long int'
 ASL_FUNC_DECL_START extern void aslDevFillZeorDiagonalElemet( void *, int, unsigned int, struct ahdlFuncModeParam * );
                                 ^~~~~~~~~~~~~~~~~~~~~~~~~~~~
<stdin>: In function 'connectLib__E2L_2__module__0x10000001_behavioral_pCompare':
<stdin>:806:1412: warning: assignment makes integer from pointer without a cast [-Wint-conversion]
<stdin>:806:1491: warning: passing argument 1 of 'memcpy' makes pointer from integer without a cast [-Wint-conversion]
In file included from /esat/micas-data/software/Cadence/xcelium_19.03/tools.lnx86/spectre/ahdlcmi/include/ahdlPiCmi.h:5:0,
                 from /esat/micas-data/software/Cadence/xcelium_19.03/tools.lnx86/spectre/ahdlcmi/include/ahdlDevLibGlobal.h:83,
                 from <stdin>:24:
/usr/include/string.h:42:14: note: expected 'void * restrict' but argument is of type 'long int'
 extern void *memcpy (void *__restrict __dest, const void *__restrict __src,
              ^~~~~~
<stdin>:806:1525: warning: passing argument 2 of 'memcpy' makes pointer from integer without a cast [-Wint-conversion]
In file included from /esat/micas-data/software/Cadence/xcelium_19.03/tools.lnx86/spectre/ahdlcmi/include/ahdlPiCmi.h:5:0,
                 from /esat/micas-data/software/Cadence/xcelium_19.03/tools.lnx86/spectre/ahdlcmi/include/ahdlDevLibGlobal.h:83,
                 from <stdin>:24:
/usr/include/string.h:42:14: note: expected 'const void * restrict' but argument is of type 'long int'
 extern void *memcpy (void *__restrict __dest, const void *__restrict __src,
              ^~~~~~
<stdin>:806:1649: warning: assignment makes integer from pointer without a cast [-Wint-conversion]
<stdin>: In function 'connectLib__E2L_2__module__0x10000001_behavioral_pGetMatrixPointers':
<stdin>:812:2056: warning: assignment makes integer from pointer without a cast [-Wint-conversion]
<stdin>: In function 'connectLib__E2L_2__module__0x10000001_behavioral_InitAll':
<stdin>:486:2: warning: floating constant exceeds range of 'double' [-Woverflow]
<stdin>:487:2: warning: floating constant exceeds range of 'double' [-Woverflow]
<stdin>:495:2: warning: floating constant exceeds range of 'double' [-Woverflow]
<stdin>:496:2: warning: floating constant exceeds range of 'double' [-Woverflow]
<stdin>:504:2: warning: floating constant exceeds range of 'double' [-Woverflow]
<stdin>:505:2: warning: floating constant exceeds range of 'double' [-Woverflow]
<stdin>:513:2: warning: floating constant exceeds range of 'double' [-Woverflow]
<stdin>:514:2: warning: floating constant exceeds range of 'double' [-Woverflow]
<stdin>:522:2: warning: floating constant exceeds range of 'double' [-Woverflow]
<stdin>:523:2: warning: floating constant exceeds range of 'double' [-Woverflow]
<stdin>: In function 'connectLib__E2L_2__module__0x10000001_behavioral_pAnalTranLoad':
<stdin>:531:2: warning: floating constant exceeds range of 'double' [-Woverflow]
<stdin>:858:0: warning: passing argument 1 of 'aslDevFillZeorDiagonalElemet' makes pointer from integer without a cast [-Wint-conversion]
<stdin>:532:2: warning: floating constant exceeds range of 'double' [-Woverflow]
In file included from <stdin>:24:0:
/esat/micas-data/software/Cadence/xcelium_19.03/tools.lnx86/spectre/ahdlcmi/include/ahdlDevLibGlobal.h:2685:33: note: expected 'void *' but argument is of type 'long int'
 ASL_FUNC_DECL_START extern void aslDevFillZeorDiagonalElemet( void *, int, unsigned int, struct ahdlFuncModeParam * );
                                 ^~~~~~~~~~~~~~~~~~~~~~~~~~~~
<stdin>: In function 'connectLib__E2L_2__module__0x10000001_behavioral_pSaveRestart':
<stdin>:884:2285: warning: implicit declaration of function 'mmsThreshSR' [-Wimplicit-function-declaration]
<stdin>:884:2522: warning: implicit declaration of function 'pklAccessDouble' [-Wimplicit-function-declaration]
<stdin>:884:2600: warning: passing argument 2 of 'aslDevAvarSR' from incompatible pointer type [-Wincompatible-pointer-types]
In file included from <stdin>:24:0:
/esat/micas-data/software/Cadence/xcelium_19.03/tools.lnx86/spectre/ahdlcmi/include/ahdlDevLibGlobal.h:1218:39: note: expected 'struct ahdlAnalogVar *' but argument is of type 'char *'
 ASL_FUNC_DECL_START extern PklError_e aslDevAvarSR( int, struct ahdlAnalogVar *, char *, char *, char *, PklJar_t * );
                                       ^~~~~~~~~~~~
<stdin>: In function 'connectLib__E2L_2__module__0x10000001_behavioral_pSaveRestartInst':
<stdin>:887:2494: warning: passing argument 2 of 'aslDevAvarSR' from incompatible pointer type [-Wincompatible-pointer-types]
In file included from <stdin>:24:0:
/esat/micas-data/software/Cadence/xcelium_19.03/tools.lnx86/spectre/ahdlcmi/include/ahdlDevLibGlobal.h:1218:39: note: expected 'struct ahdlAnalogVar *' but argument is of type 'char *'
 ASL_FUNC_DECL_START extern PklError_e aslDevAvarSR( int, struct ahdlAnalogVar *, char *, char *, char *, PklJar_t * );
                                       ^~~~~~~~~~~~
<stdin>: In function 'ahdlconnectLib__E2L_2__module__0x10000001_behavioralDescInstall':
<stdin>:925:2938: warning: implicit declaration of function 'descSetDeviceType' [-Wimplicit-function-declaration]
<stdin>:925:3134: warning: implicit declaration of function 'descSetSetContrInfoPtr' [-Wimplicit-function-declaration]
<stdin>:925:3854: warning: implicit declaration of function 'descSetCopySignals' [-Wimplicit-function-declaration]
<stdin>:925:0: warning: implicit declaration of function 'descSetPrintDescription' [-Wimplicit-function-declaration]
<stdin>:925:0: warning: implicit declaration of function 'descSetGetNodeNamesForBranch' [-Wimplicit-function-declaration]
rm -f -rf connectLib__E2L_2__module__0x10000001_behavioral_TranFuncDerLoad.c
rm -f -rf connectLib__E2L_2__module__0x10000001_behavioral_DcFuncDerLoad.c
rm -f -rf connectLib__E2L_2__module__0x10000001_behavioral_TranFuncLoad.c
rm -f -rf connectLib__E2L_2__module__0x10000001_behavioral_DcFuncLoad.c
rm -f -rf connectLib__E2L_2__module__0x10000001_behavioral_func.c
rm -f -rf connectLib__E2L_2__module__0x10000001_behavioral_OpPointCalc.c
rm -f -rf connectLib__E2L_2__module__0x10000001_behavioral_cmi_c.c
/esat/micas-data/software/Cadence/xcelium_19.03/tools.lnx86/cdsgcc/gcc/6.3/bin/gcc -shared -O3 -m64 -fPIC -o obj/optimize/5.0/libahdlcmi_connectLib__E2L_2__module__0x10000001_behavioral.so ./obj/optimize/5.0/connectLib__E2L_2__module__0x10000001_behavioral_func.o ./obj/optimize/5.0/connectLib__E2L_2__module__0x10000001_behavioral_DcFuncDerLoad.o ./obj/optimize/5.0/connectLib__E2L_2__module__0x10000001_behavioral_DcFuncLoad.o ./obj/optimize/5.0/connectLib__E2L_2__module__0x10000001_behavioral_TranFuncDerLoad.o ./obj/optimize/5.0/connectLib__E2L_2__module__0x10000001_behavioral_TranFuncLoad.o ./obj/optimize/5.0/connectLib__E2L_2__module__0x10000001_behavioral_OpPointCalc.o ./obj/optimize/5.0/connectLib__E2L_2__module__0x10000001_behavioral_cmi_c.o  -Wl,-rpath,/usr/lib -Wl,-rpath,/lib -s 
rm -f -f ./obj/optimize/5.0/connectLib__E2L_2__module__0x10000001_behavioral_func.o ./obj/optimize/5.0/connectLib__E2L_2__module__0x10000001_behavioral_DcFuncDerLoad.o ./obj/optimize/5.0/connectLib__E2L_2__module__0x10000001_behavioral_DcFuncLoad.o ./obj/optimize/5.0/connectLib__E2L_2__module__0x10000001_behavioral_TranFuncDerLoad.o ./obj/optimize/5.0/connectLib__E2L_2__module__0x10000001_behavioral_TranFuncLoad.o ./obj/optimize/5.0/connectLib__E2L_2__module__0x10000001_behavioral_OpPointCalc.o ./obj/optimize/5.0/connectLib__E2L_2__module__0x10000001_behavioral_cmi_c.o 
