Command line:
    spectre ./amsSim.scs +config  \
        /esat/micas-data/software/Cadence/xcelium_19.03/tools.lnx86/spectre/etc/configs/ams.cfg  \
        -ahdllibdir xcelium.d/AMSD/ahdlSimDB +ms ++aps=liberal
After pLogFile
After install log
End disable stdout
Reading file:  /users/students/r0761743/Eagle/Simvision/Tutorial
        Files/Analog_example_circuit_blank/amsSim.scs

Notice from spectre during circuit read-in.
    Configuration file used:
        `/esat/micas-data/software/Cadence/xcelium_19.03/tools.lnx86/spectre/etc/configs/ams.cfg'.

Reading file:  /users/students/r0761743/Eagle/Simvision/Tutorial
        Files/Analog_example_circuit_blank/xcelium.d/AMSD/ams_spice_in/generated_skeleton_amscb.skl_vams
Reading file: 
        /esat/micas-data/software/Cadence/xcelium_19.03/tools.lnx86/spectre/etc/configs/mapsubckt.cfg
Reading file: 
        /esat/micas-data/software/Cadence/xcelium_19.03/tools.lnx86/spectre/etc/configs/spectre.cfg
Reading file:  /users/students/r0761743/Eagle/Simvision/Tutorial
        Files/Analog_example_circuit_blank/ANALOG_NETWORK.spi
Reading file: 
        /esat/micas-data/software/Cadence/xcelium_19.03/tools.lnx86/spectre/etc/configs/ms,ms#2.cfg
Reading file: 
        /esat/micas-data/software/Cadence/xcelium_19.03/tools.lnx86/spectre/etc/configs/ms,ms.cfg


Reading file: 
        /esat/micas-data/software/Cadence/xcelium_19.03/tools.lnx86/spectre/etc/configs/ams.cfg
Time for NDB Parsing: CPU = 152.623 ms, elapsed = 224.49 ms.
Time accumulated: CPU = 159.309 ms, elapsed = 224.495 ms.
Peak resident memory used = 73.6 Mbytes.

xcelium> TOOL:	xrun(64)	19.03-s013: Exiting on Nov 18, 2020 at 15:06:51 CET  (total: 00:01:08)
Command line:
    spectre ./amsSim.scs +config  \
        /esat/micas-data/software/Cadence/xcelium_19.03/tools.lnx86/spectre/etc/configs/ams.cfg  \
        -ahdllibdir xcelium.d/AMSD/ahdlSimDB +ms ++aps=liberal
After pLogFile
After install log
End disable stdout
Reading file:  /users/students/r0761743/Eagle/Simvision/PWM_Source/amsSim.scs

Notice from spectre during circuit read-in.
    Configuration file used:
        `/esat/micas-data/software/Cadence/xcelium_19.03/tools.lnx86/spectre/etc/configs/ams.cfg'.

Reading file: 
        /users/students/r0761743/Eagle/Simvision/PWM_Source/xcelium.d/AMSD/ams_spice_in/generated_skeleton_amscb.skl_vams
Reading file: 
        /esat/micas-data/software/Cadence/xcelium_19.03/tools.lnx86/spectre/etc/configs/mapsubckt.cfg
Reading file: 
        /esat/micas-data/software/Cadence/xcelium_19.03/tools.lnx86/spectre/etc/configs/spectre.cfg
Reading file: 
        /users/students/r0761743/Eagle/Simvision/PWM_Source/ANALOG_NETWORK.spi
Reading file: 
        /esat/micas-data/software/Cadence/xcelium_19.03/tools.lnx86/spectre/etc/configs/ms,ms#2.cfg
Reading file: 
        /esat/micas-data/software/Cadence/xcelium_19.03/tools.lnx86/spectre/etc/configs/ms,ms.cfg


Reading file: 
        /esat/micas-data/software/Cadence/xcelium_19.03/tools.lnx86/spectre/etc/configs/ams.cfg
Time for NDB Parsing: CPU = 147.834 ms, elapsed = 207.632 ms.
Time accumulated: CPU = 154.846 ms, elapsed = 207.637 ms.
Peak resident memory used = 73.8 Mbytes.

xcelium> TOOL:	xrun(64)	19.03-s013: Exiting on Nov 21, 2020 at 18:21:01 CET  (total: 00:00:21)
Command line:
    spectre ./amsSim.scs +config  \
        /esat/micas-data/software/Cadence/xcelium_19.03/tools.lnx86/spectre/etc/configs/ams.cfg  \
        -ahdllibdir xcelium.d/AMSD/ahdlSimDB +ms ++aps=liberal
After pLogFile
After install log
End disable stdout
Reading file:  /users/students/r0761743/Eagle/Simvision/PWM_Source/amsSim.scs

Notice from spectre during circuit read-in.
    Configuration file used:
        `/esat/micas-data/software/Cadence/xcelium_19.03/tools.lnx86/spectre/etc/configs/ams.cfg'.

Reading file: 
        /users/students/r0761743/Eagle/Simvision/PWM_Source/xcelium.d/AMSD/ams_spice_in/generated_skeleton_amscb.skl_vams
Reading file: 
        /esat/micas-data/software/Cadence/xcelium_19.03/tools.lnx86/spectre/etc/configs/mapsubckt.cfg
Reading file: 
        /esat/micas-data/software/Cadence/xcelium_19.03/tools.lnx86/spectre/etc/configs/spectre.cfg
Reading file: 
        /users/students/r0761743/Eagle/Simvision/PWM_Source/ANALOG_NETWORK.spi
Reading file: 
        /esat/micas-data/software/Cadence/xcelium_19.03/tools.lnx86/spectre/etc/configs/ms,ms#2.cfg
Reading file: 
        /esat/micas-data/software/Cadence/xcelium_19.03/tools.lnx86/spectre/etc/configs/ms,ms.cfg


Reading file: 
        /esat/micas-data/software/Cadence/xcelium_19.03/tools.lnx86/spectre/etc/configs/ams.cfg
Time for NDB Parsing: CPU = 144.994 ms, elapsed = 208.209 ms.
Time accumulated: CPU = 150.745 ms, elapsed = 208.213 ms.
Peak resident memory used = 73.9 Mbytes.

xcelium> TOOL:	xrun(64)	19.03-s013: Exiting on Nov 21, 2020 at 18:22:38 CET  (total: 00:00:12)
Command line:
    spectre ./amsSim.scs +config  \
        /esat/micas-data/software/Cadence/xcelium_19.03/tools.lnx86/spectre/etc/configs/ams.cfg  \
        -ahdllibdir xcelium.d/AMSD/ahdlSimDB +ms ++aps=liberal
After pLogFile
After install log
End disable stdout
Reading file:  /users/students/r0761743/Eagle/Simvision/PWM_Source/amsSim.scs

Notice from spectre during circuit read-in.
    Configuration file used:
        `/esat/micas-data/software/Cadence/xcelium_19.03/tools.lnx86/spectre/etc/configs/ams.cfg'.

Reading file: 
        /users/students/r0761743/Eagle/Simvision/PWM_Source/xcelium.d/AMSD/ams_spice_in/generated_skeleton_amscb.skl_vams
Reading file: 
        /esat/micas-data/software/Cadence/xcelium_19.03/tools.lnx86/spectre/etc/configs/mapsubckt.cfg
Reading file: 
        /esat/micas-data/software/Cadence/xcelium_19.03/tools.lnx86/spectre/etc/configs/spectre.cfg
Reading file: 
        /users/students/r0761743/Eagle/Simvision/PWM_Source/ANALOG_NETWORK.spi
Reading file: 
        /esat/micas-data/software/Cadence/xcelium_19.03/tools.lnx86/spectre/etc/configs/ms,ms#2.cfg
Reading file: 
        /esat/micas-data/software/Cadence/xcelium_19.03/tools.lnx86/spectre/etc/configs/ms,ms.cfg


Reading file: 
        /esat/micas-data/software/Cadence/xcelium_19.03/tools.lnx86/spectre/etc/configs/ams.cfg
Time for NDB Parsing: CPU = 192.1 ms, elapsed = 726.594 ms.
Time accumulated: CPU = 199.305 ms, elapsed = 726.6 ms.
Peak resident memory used = 73.8 Mbytes.

xcelium> TOOL:	xrun(64)	19.03-s013: Exiting on Nov 23, 2020 at 15:29:34 CET  (total: 00:00:28)
