ahdlcmicompile: Compiling ahdlcmi in xcelium.d/AMSD/ahdlSimDB/bsource_58d47b.va.bsource_58d47b.ahdlcmi/Linux-64/ for Linux-64 with optimize using gcc on Sat Nov 21 17:12:44 CET 2020 [5.0]
ahdlcmicompile: Generating makefile
PATH:  /esat/micas-data/software/Cadence/xcelium_19.03/tools/bin/64bit:/esat/micas-data/software/Cadence/xcelium_19.03/tools/bin/64bit:/esat/micas-data/software/Cadence/xcelium_19.03/tools/bin/64bit:/esat/micas-data/software/Cadence/xcelium_19.03/tools/bin/64bit:/esat/micas-data/software/Cadence/xcelium_19.03/tools/bin/64bit:/esat/micas-data/software/Cadence/xcelium_19.03/tools/bin/64bit:/esat/micas-data/software/Cadence/xcelium_19.03/tools/bin/64bit:/esat/micas-data/software/Cadence/xcelium_19.03/tools/bin/64bit:/esat/micas-data/software/Cadence/xcelium_19.03/tools/bin/64bit:/esat/micas-data/software/Cadence/xcelium_19.03/tools/bin/64bit:/esat/micas-data/software/Cadence/xcelium_19.03/tools/bin/64bit:/esat/micas-data/software/Cadence/xcelium_19.03/tools/bin/64bit:/esat/micas-data/software/Cadence/xcelium_19.03/tools/bin/64bit:/esat/micas-data/software/Cadence/xcelium_19.03/tools/bin/64bit:/esat/micas-data/software/Cadence/xcelium_19.03/tools/bin/64bit:/esat/micas-data/software/Cadence/xcelium_19.03/tools/bin/64bit:/esat/micas-data/software/Cadence/xcelium_19.03/tools/bin/64bit:/esat/micas-data/software/Cadence/xcelium_19.03/tools/bin/64bit:/esat/micas-data/software/Cadence/xcelium_19.03/tools/bin/64bit:/usr/lib64/qt-3.3/bin:/usr/lib64/ccache:/usr/local/bin:/usr/bin:/usr/local/sbin:/usr/sbin:/opt/puppetlabs/bin:/freeware/bin/gnu-tools:/freeware/bin:/software/bin:/esat/micas-data/software/Cadence/xcelium_19.03/bin:/esat/micas-data/software/Cadence/xcelium_19.03/tools/bin:/esat/micas-data/software/Cadence/xcelium_19.03/tools/cdsgcc/gcc/bin:/esat/micas-data/software/Cadence/spectre_19.10/bin
LD_LIBRARY_PATH:  /esat/micas-data/software/Cadence/xcelium_19.03/tools/lib/64bit:/esat/micas-data/software/Cadence/xcelium_19.03/tools/lib/64bit/SuSE:/esat/micas-data/software/Cadence/xcelium_19.03/tools/lib/64bit:/esat/micas-data/software/Cadence/xcelium_19.03/tools/lib/64bit/SuSE:/esat/micas-data/software/Cadence/xcelium_19.03/tools/lib/64bit:/esat/micas-data/software/Cadence/xcelium_19.03/tools/lib/64bit/SuSE:/esat/micas-data/software/Cadence/xcelium_19.03/tools/lib/64bit:/esat/micas-data/software/Cadence/xcelium_19.03/tools/lib/64bit/SuSE:/esat/micas-data/software/Cadence/xcelium_19.03/tools/lib/64bit:/esat/micas-data/software/Cadence/xcelium_19.03/tools/lib/64bit/SuSE:/esat/micas-data/software/Cadence/xcelium_19.03/tools/lib/64bit:/esat/micas-data/software/Cadence/xcelium_19.03/tools/lib/64bit/SuSE:/esat/micas-data/software/Cadence/xcelium_19.03/tools/lib/64bit:/esat/micas-data/software/Cadence/xcelium_19.03/tools/lib/64bit/SuSE:/esat/micas-data/software/Cadence/xcelium_19.03/tools/lib/64bit:/esat/micas-data/software/Cadence/xcelium_19.03/tools/lib/64bit/SuSE:/esat/micas-data/software/Cadence/xcelium_19.03/tools/lib/64bit:/esat/micas-data/software/Cadence/xcelium_19.03/tools/lib/64bit/SuSE
/esat/micas-data/software/Cadence/xcelium_19.03/tools.lnx86/spectre/ahdlcmi/bin/gnumake -j18 -f GNUmakefile
Cleaning ./obj/optimize/5.0
rm -f -rf ./obj/optimize/5.0
Compiling C file bsource_58d47b.c (optimize)
/esat/micas-data/software/Cadence/xcelium_19.03/tools.lnx86/spectre/ahdlcmi/bin/64bit/ahdlcc 0 /esat/micas-data/software/Cadence/xcelium_19.03/tools.lnx86/cdsgcc/gcc/6.3/bin/gcc  -march=k8 -ffast-math  -fno-unsafe-math-optimizations -O3 -m64 -DSYSV -DSVR4 -D_REENTRANT -fPIC   -DconfigSPECTRE -I. -I/esat/micas-data/software/Cadence/xcelium_19.03/tools.lnx86/spectre/ahdlcmi/include -c bsource_58d47b.c -o obj/optimize/5.0/bsource_58d47b.o || rm -f -f obj/optimize/5.0/bsource_58d47b.o
<stdin>: In function 'bsource_58d47b_DcFuncDerLoad':
<stdin>:162:68: warning: passing argument 1 of 'aslDevInterAddStaticElement' makes pointer from integer without a cast [-Wint-conversion]
In file included from <stdin>:24:0:
/esat/micas-data/software/Cadence/xcelium_19.03/tools.lnx86/spectre/ahdlcmi/include/ahdlDevLibGlobal.h:2141:33: note: expected 'void *' but argument is of type 'long int'
 ASL_FUNC_DECL_START extern long aslDevInterAddStaticElement( void *, double, struct ahdlFuncModeParam * );
                                 ^~~~~~~~~~~~~~~~~~~~~~~~~~~
<stdin>:163:68: warning: passing argument 1 of 'aslDevInterAddStaticElement' makes pointer from integer without a cast [-Wint-conversion]
In file included from <stdin>:24:0:
/esat/micas-data/software/Cadence/xcelium_19.03/tools.lnx86/spectre/ahdlcmi/include/ahdlDevLibGlobal.h:2141:33: note: expected 'void *' but argument is of type 'long int'
 ASL_FUNC_DECL_START extern long aslDevInterAddStaticElement( void *, double, struct ahdlFuncModeParam * );
                                 ^~~~~~~~~~~~~~~~~~~~~~~~~~~
<stdin>:164:68: warning: passing argument 1 of 'aslDevInterAddStaticElement' makes pointer from integer without a cast [-Wint-conversion]
In file included from <stdin>:24:0:
/esat/micas-data/software/Cadence/xcelium_19.03/tools.lnx86/spectre/ahdlcmi/include/ahdlDevLibGlobal.h:2141:33: note: expected 'void *' but argument is of type 'long int'
 ASL_FUNC_DECL_START extern long aslDevInterAddStaticElement( void *, double, struct ahdlFuncModeParam * );
                                 ^~~~~~~~~~~~~~~~~~~~~~~~~~~
<stdin>:165:68: warning: passing argument 1 of 'aslDevInterAddStaticElement' makes pointer from integer without a cast [-Wint-conversion]
In file included from <stdin>:24:0:
/esat/micas-data/software/Cadence/xcelium_19.03/tools.lnx86/spectre/ahdlcmi/include/ahdlDevLibGlobal.h:2141:33: note: expected 'void *' but argument is of type 'long int'
 ASL_FUNC_DECL_START extern long aslDevInterAddStaticElement( void *, double, struct ahdlFuncModeParam * );
                                 ^~~~~~~~~~~~~~~~~~~~~~~~~~~
<stdin>:166:68: warning: passing argument 1 of 'aslDevInterAddStaticElement' makes pointer from integer without a cast [-Wint-conversion]
In file included from <stdin>:24:0:
/esat/micas-data/software/Cadence/xcelium_19.03/tools.lnx86/spectre/ahdlcmi/include/ahdlDevLibGlobal.h:2141:33: note: expected 'void *' but argument is of type 'long int'
 ASL_FUNC_DECL_START extern long aslDevInterAddStaticElement( void *, double, struct ahdlFuncModeParam * );
                                 ^~~~~~~~~~~~~~~~~~~~~~~~~~~
<stdin>:167:68: warning: passing argument 1 of 'aslDevInterAddStaticElement' makes pointer from integer without a cast [-Wint-conversion]
In file included from <stdin>:24:0:
/esat/micas-data/software/Cadence/xcelium_19.03/tools.lnx86/spectre/ahdlcmi/include/ahdlDevLibGlobal.h:2141:33: note: expected 'void *' but argument is of type 'long int'
 ASL_FUNC_DECL_START extern long aslDevInterAddStaticElement( void *, double, struct ahdlFuncModeParam * );
                                 ^~~~~~~~~~~~~~~~~~~~~~~~~~~
<stdin>: In function 'bsource_58d47b_TranFuncDerLoad':
<stdin>:406:68: warning: passing argument 1 of 'aslDevInterAddStaticElement' makes pointer from integer without a cast [-Wint-conversion]
In file included from <stdin>:24:0:
/esat/micas-data/software/Cadence/xcelium_19.03/tools.lnx86/spectre/ahdlcmi/include/ahdlDevLibGlobal.h:2141:33: note: expected 'void *' but argument is of type 'long int'
 ASL_FUNC_DECL_START extern long aslDevInterAddStaticElement( void *, double, struct ahdlFuncModeParam * );
                                 ^~~~~~~~~~~~~~~~~~~~~~~~~~~
<stdin>:407:68: warning: passing argument 1 of 'aslDevInterAddStaticElement' makes pointer from integer without a cast [-Wint-conversion]
In file included from <stdin>:24:0:
/esat/micas-data/software/Cadence/xcelium_19.03/tools.lnx86/spectre/ahdlcmi/include/ahdlDevLibGlobal.h:2141:33: note: expected 'void *' but argument is of type 'long int'
 ASL_FUNC_DECL_START extern long aslDevInterAddStaticElement( void *, double, struct ahdlFuncModeParam * );
                                 ^~~~~~~~~~~~~~~~~~~~~~~~~~~
<stdin>:408:68: warning: passing argument 1 of 'aslDevInterAddStaticElement' makes pointer from integer without a cast [-Wint-conversion]
In file included from <stdin>:24:0:
/esat/micas-data/software/Cadence/xcelium_19.03/tools.lnx86/spectre/ahdlcmi/include/ahdlDevLibGlobal.h:2141:33: note: expected 'void *' but argument is of type 'long int'
 ASL_FUNC_DECL_START extern long aslDevInterAddStaticElement( void *, double, struct ahdlFuncModeParam * );
                                 ^~~~~~~~~~~~~~~~~~~~~~~~~~~
<stdin>:409:68: warning: passing argument 1 of 'aslDevInterAddStaticElement' makes pointer from integer without a cast [-Wint-conversion]
In file included from <stdin>:24:0:
/esat/micas-data/software/Cadence/xcelium_19.03/tools.lnx86/spectre/ahdlcmi/include/ahdlDevLibGlobal.h:2141:33: note: expected 'void *' but argument is of type 'long int'
 ASL_FUNC_DECL_START extern long aslDevInterAddStaticElement( void *, double, struct ahdlFuncModeParam * );
                                 ^~~~~~~~~~~~~~~~~~~~~~~~~~~
<stdin>:410:68: warning: passing argument 1 of 'aslDevInterAddStaticElement' makes pointer from integer without a cast [-Wint-conversion]
In file included from <stdin>:24:0:
/esat/micas-data/software/Cadence/xcelium_19.03/tools.lnx86/spectre/ahdlcmi/include/ahdlDevLibGlobal.h:2141:33: note: expected 'void *' but argument is of type 'long int'
 ASL_FUNC_DECL_START extern long aslDevInterAddStaticElement( void *, double, struct ahdlFuncModeParam * );
                                 ^~~~~~~~~~~~~~~~~~~~~~~~~~~
<stdin>:411:68: warning: passing argument 1 of 'aslDevInterAddStaticElement' makes pointer from integer without a cast [-Wint-conversion]
In file included from <stdin>:24:0:
/esat/micas-data/software/Cadence/xcelium_19.03/tools.lnx86/spectre/ahdlcmi/include/ahdlDevLibGlobal.h:2141:33: note: expected 'void *' but argument is of type 'long int'
 ASL_FUNC_DECL_START extern long aslDevInterAddStaticElement( void *, double, struct ahdlFuncModeParam * );
                                 ^~~~~~~~~~~~~~~~~~~~~~~~~~~
<stdin>: In function 'bsource_58d47b_pGetInstanceParams':
<stdin>:1299:1603: warning: implicit declaration of function 'devGetInstKnotStatus' [-Wimplicit-function-declaration]
<stdin>: In function 'bsource_58d47b_pDC_Load':
<stdin>:1316:2923: warning: passing argument 1 of 'aslDevFillZeorDiagonalElemet' makes pointer from integer without a cast [-Wint-conversion]
In file included from <stdin>:24:0:
/esat/micas-data/software/Cadence/xcelium_19.03/tools.lnx86/spectre/ahdlcmi/include/ahdlDevLibGlobal.h:2685:33: note: expected 'void *' but argument is of type 'long int'
 ASL_FUNC_DECL_START extern void aslDevFillZeorDiagonalElemet( void *, int, unsigned int, struct ahdlFuncModeParam * );
                                 ^~~~~~~~~~~~~~~~~~~~~~~~~~~~
<stdin>: In function 'bsource_58d47b_pCompare':
<stdin>:1355:959: warning: implicit declaration of function 'spReplaceMatrixPointer' [-Wimplicit-function-declaration]
<stdin>:1355:1901: warning: assignment makes integer from pointer without a cast [-Wint-conversion]
<stdin>:1355:1981: warning: passing argument 1 of 'memcpy' makes pointer from integer without a cast [-Wint-conversion]
In file included from /esat/micas-data/software/Cadence/xcelium_19.03/tools.lnx86/spectre/ahdlcmi/include/ahdlPiCmi.h:5:0,
                 from /esat/micas-data/software/Cadence/xcelium_19.03/tools.lnx86/spectre/ahdlcmi/include/ahdlDevLibGlobal.h:83,
                 from <stdin>:24:
/usr/include/string.h:42:14: note: expected 'void * restrict' but argument is of type 'long int'
 extern void *memcpy (void *__restrict __dest, const void *__restrict __src,
              ^~~~~~
<stdin>:1355:2016: warning: passing argument 2 of 'memcpy' makes pointer from integer without a cast [-Wint-conversion]
In file included from /esat/micas-data/software/Cadence/xcelium_19.03/tools.lnx86/spectre/ahdlcmi/include/ahdlPiCmi.h:5:0,
                 from /esat/micas-data/software/Cadence/xcelium_19.03/tools.lnx86/spectre/ahdlcmi/include/ahdlDevLibGlobal.h:83,
                 from <stdin>:24:
/usr/include/string.h:42:14: note: expected 'const void * restrict' but argument is of type 'long int'
 extern void *memcpy (void *__restrict __dest, const void *__restrict __src,
              ^~~~~~
<stdin>:1355:2143: warning: assignment makes integer from pointer without a cast [-Wint-conversion]
<stdin>: In function 'bsource_58d47b_pGetMatrixPointers':
<stdin>:1361:2416: warning: assignment makes integer from pointer without a cast [-Wint-conversion]
<stdin>: In function 'bsource_58d47b_pAnalTranLoad':
<stdin>:1388:3874: warning: passing argument 1 of 'aslDevFillZeorDiagonalElemet' makes pointer from integer without a cast [-Wint-conversion]
In file included from <stdin>:24:0:
/esat/micas-data/software/Cadence/xcelium_19.03/tools.lnx86/spectre/ahdlcmi/include/ahdlDevLibGlobal.h:2685:33: note: expected 'void *' but argument is of type 'long int'
 ASL_FUNC_DECL_START extern void aslDevFillZeorDiagonalElemet( void *, int, unsigned int, struct ahdlFuncModeParam * );
                                 ^~~~~~~~~~~~~~~~~~~~~~~~~~~~
<stdin>: In function 'bsource_58d47b_pSaveRestart':
<stdin>:1414:1961: warning: implicit declaration of function 'pklAccessDouble' [-Wimplicit-function-declaration]
<stdin>:1414:2039: warning: passing argument 2 of 'aslDevAvarSR' from incompatible pointer type [-Wincompatible-pointer-types]
In file included from <stdin>:24:0:
/esat/micas-data/software/Cadence/xcelium_19.03/tools.lnx86/spectre/ahdlcmi/include/ahdlDevLibGlobal.h:1218:39: note: expected 'struct ahdlAnalogVar *' but argument is of type 'char *'
 ASL_FUNC_DECL_START extern PklError_e aslDevAvarSR( int, struct ahdlAnalogVar *, char *, char *, char *, PklJar_t * );
                                       ^~~~~~~~~~~~
<stdin>: In function 'bsource_58d47b_pSaveRestartInst':
<stdin>:1417:1955: warning: passing argument 2 of 'aslDevAvarSR' from incompatible pointer type [-Wincompatible-pointer-types]
In file included from <stdin>:24:0:
/esat/micas-data/software/Cadence/xcelium_19.03/tools.lnx86/spectre/ahdlcmi/include/ahdlDevLibGlobal.h:1218:39: note: expected 'struct ahdlAnalogVar *' but argument is of type 'char *'
 ASL_FUNC_DECL_START extern PklError_e aslDevAvarSR( int, struct ahdlAnalogVar *, char *, char *, char *, PklJar_t * );
                                       ^~~~~~~~~~~~
<stdin>: In function 'ahdlbsource_58d47bDescInstall':
<stdin>:1447:1867: warning: implicit declaration of function 'descSetDeviceType' [-Wimplicit-function-declaration]
<stdin>:1447:1995: warning: implicit declaration of function 'descSetSetContrInfoPtr' [-Wimplicit-function-declaration]
<stdin>:1447:2390: warning: implicit declaration of function 'descSetCopySignals' [-Wimplicit-function-declaration]
<stdin>:1447:3920: warning: implicit declaration of function 'descSetGetNodeNamesForBranch' [-Wimplicit-function-declaration]
rm -f -rf bsource_58d47b.c
/esat/micas-data/software/Cadence/xcelium_19.03/tools.lnx86/cdsgcc/gcc/6.3/bin/gcc -shared -O3 -m64 -fPIC -o obj/optimize/5.0/libahdlcmi_bsource_58d47b.so ./obj/optimize/5.0/bsource_58d47b.o  -Wl,-rpath,/usr/lib -Wl,-rpath,/lib -s 
rm -f -f ./obj/optimize/5.0/bsource_58d47b.o 
